Logging to org.slf4j.log4j12.Log4jLoggerAdapter(org.eclipse.jetty.util.log) via org.eclipse.jetty.util.log.Slf4jLog
Logging initialized @367ms
org.eclipse.jetty.server.Server@2e385cce added {qtp1813666644{STOPPED,8<=0<=200,i=0,q=0},AUTO}
HttpConnectionFactory@1cf6d1be{HTTP/1.1} added {HttpConfiguration@663c9e7a{32768/8192,8192/8192,https://:0,[]},POJO}
ServerConnector@33065d67{null}{0.0.0.0:0} added {org.eclipse.jetty.server.Server@2e385cce,UNMANAGED}
ServerConnector@33065d67{null}{0.0.0.0:0} added {qtp1813666644{STOPPED,8<=0<=200,i=0,q=0},AUTO}
ServerConnector@33065d67{null}{0.0.0.0:0} added {org.eclipse.jetty.util.thread.ScheduledExecutorScheduler@6bbe85a8,AUTO}
ServerConnector@33065d67{null}{0.0.0.0:0} added {org.eclipse.jetty.io.ArrayByteBufferPool@712625fd,POJO}
ServerConnector@33065d67{null}{0.0.0.0:0} added {HttpConnectionFactory@1cf6d1be{HTTP/1.1},AUTO}
ServerConnector@33065d67{HTTP/1.1}{0.0.0.0:0} added {org.eclipse.jetty.server.ServerConnector$ServerConnectorManager@1c5920df,MANAGED}
org.eclipse.jetty.server.Server@2e385cce added {ServerConnector@33065d67{HTTP/1.1}{0.0.0.0:9998},AUTO}
org.eclipse.jetty.server.Server@2e385cce added {org.glassfish.jersey.jetty.JettyHttpContainer@17f9d882,AUTO}
starting org.eclipse.jetty.server.Server@2e385cce
jetty-9.2.14.v20151106
starting org.eclipse.jetty.server.Server@2e385cce
starting qtp1813666644{STOPPED,8<=0<=200,i=0,q=0}
STARTED @1154ms qtp1813666644{STARTED,8<=8<=200,i=8,q=0}
starting org.glassfish.jersey.jetty.JettyHttpContainer@17f9d882
starting org.glassfish.jersey.jetty.JettyHttpContainer@17f9d882
STARTED @1155ms org.glassfish.jersey.jetty.JettyHttpContainer@17f9d882
starting ServerConnector@33065d67{HTTP/1.1}{0.0.0.0:9998}
ServerConnector@33065d67{HTTP/1.1}{0.0.0.0:9998} added {sun.nio.ch.ServerSocketChannelImpl[/0:0:0:0:0:0:0:0:9998],POJO}
starting org.eclipse.jetty.util.thread.ScheduledExecutorScheduler@6bbe85a8
STARTED @1164ms org.eclipse.jetty.util.thread.ScheduledExecutorScheduler@6bbe85a8
starting HttpConnectionFactory@1cf6d1be{HTTP/1.1}
STARTED @1164ms HttpConnectionFactory@1cf6d1be{HTTP/1.1}
starting org.eclipse.jetty.server.ServerConnector$ServerConnectorManager@1c5920df
starting org.eclipse.jetty.io.SelectorManager$ManagedSelector@6440112d keys=-1 selected=-1
STARTED @1228ms org.eclipse.jetty.io.SelectorManager$ManagedSelector@6440112d keys=0 selected=0
starting org.eclipse.jetty.io.SelectorManager$ManagedSelector@72c8e7b keys=-1 selected=-1
Starting Thread[qtp1813666644-13-selector-ServerConnectorManager@1c5920df/0,5,main] on org.eclipse.jetty.io.SelectorManager$ManagedSelector@6440112d keys=0 selected=0
Selector loop waiting on select
STARTED @1231ms org.eclipse.jetty.io.SelectorManager$ManagedSelector@72c8e7b keys=0 selected=0
STARTED @1231ms org.eclipse.jetty.server.ServerConnector$ServerConnectorManager@1c5920df
Starting Thread[qtp1813666644-12-selector-ServerConnectorManager@1c5920df/1,5,main] on org.eclipse.jetty.io.SelectorManager$ManagedSelector@72c8e7b keys=0 selected=0
Selector loop waiting on select
ServerConnector@33065d67{HTTP/1.1}{0.0.0.0:9998} added {acceptor-0@38467116,POJO}
Started ServerConnector@33065d67{HTTP/1.1}{0.0.0.0:9998}
STARTED @1233ms ServerConnector@33065d67{HTTP/1.1}{0.0.0.0:9998}
Started @1233ms
STARTED @1233ms org.eclipse.jetty.server.Server@2e385cce
Queued change org.eclipse.jetty.io.SelectorManager$ManagedSelector$Accept@227ce1c9
Selector loop woken up from select, 0/0 selected
Running change org.eclipse.jetty.io.SelectorManager$ManagedSelector$Accept@227ce1c9
onOpen SelectChannelEndPoint@55ae0fb1{/127.0.0.1:54543<->9998,Open,in,out,-,-,5/30000,null}{io=0,kio=0,kro=0}
SelectChannelEndPoint@55ae0fb1{/127.0.0.1:54543<->9998,Open,in,out,-,-,7/30000,null}{io=0,kio=0,kro=0} idle timeout check, elapsed: 7 ms, remaining: 29993 ms
new HttpChannelOverHttp@5173d6e4{r=0,c=false,a=IDLE,uri=} -> SelectChannelEndPoint@55ae0fb1{/127.0.0.1:54543<->9998,Open,in,out,-,-,51/30000,null}{io=0,kio=0,kro=0},null,HttpChannelState@4fab0975{s=IDLE i=true a=null}
New HTTP Connection HttpConnection@6e218984[IDLE,SelectChannelEndPoint@55ae0fb1{/127.0.0.1:54543<->9998,Open,in,out,-,-,56/30000,null}{io=0,kio=0,kro=0}][p=HttpParser{s=START,0 of 0},g=HttpGenerator{s=START},c=HttpChannelOverHttp@5173d6e4{r=0,c=false,a=IDLE,uri=}]
onOpen HttpConnection@6e218984[IDLE,SelectChannelEndPoint@55ae0fb1{/127.0.0.1:54543<->9998,Open,in,out,-,-,56/30000,HttpConnection}{io=0,kio=0,kro=0}][p=HttpParser{s=START,0 of 0},g=HttpGenerator{s=START},c=HttpChannelOverHttp@5173d6e4{r=0,c=false,a=IDLE,uri=}]
fillInterested HttpConnection@6e218984[IDLE,SelectChannelEndPoint@55ae0fb1{/127.0.0.1:54543<->9998,Open,in,out,-,-,57/30000,HttpConnection}{io=0,kio=0,kro=0}][p=HttpParser{s=START,0 of 0},g=HttpGenerator{s=START},c=HttpChannelOverHttp@5173d6e4{r=0,c=false,a=IDLE,uri=}]
IDLE-->FILL_INTERESTED HttpConnection@6e218984[FILL_INTERESTED,SelectChannelEndPoint@55ae0fb1{/127.0.0.1:54543<->9998,Open,in,out,-,-,58/30000,HttpConnection}{io=0,kio=0,kro=0}][p=HttpParser{s=START,0 of 0},g=HttpGenerator{s=START},c=HttpChannelOverHttp@5173d6e4{r=0,c=false,a=IDLE,uri=}]
Local interests updating 0 -> 1 for SelectChannelEndPoint@55ae0fb1{/127.0.0.1:54543<->9998,Open,in,out,R,-,0/30000,HttpConnection}{io=1,kio=0,kro=0}
Queued change org.eclipse.jetty.io.SelectChannelEndPoint$1@24fc99d4
Created SelectChannelEndPoint@55ae0fb1{/127.0.0.1:54543<->9998,Open,in,out,R,-,0/30000,HttpConnection}{io=1,kio=0,kro=0}
Running change org.eclipse.jetty.io.SelectChannelEndPoint$1@24fc99d4
Key interests updated 0 -> 1 on SelectChannelEndPoint@55ae0fb1{/127.0.0.1:54543<->9998,Open,in,out,R,-,1/30000,HttpConnection}{io=1,kio=1,kro=0}
Selector loop waiting on select
Selector loop woken up from select, 1/1 selected
Key interests updated 1 -> 0 on SelectChannelEndPoint@55ae0fb1{/127.0.0.1:54543<->9998,Open,in,out,R,-,1/30000,HttpConnection}{io=1,kio=0,kro=1}
Local interests updating 1 -> 0 for SelectChannelEndPoint@55ae0fb1{/127.0.0.1:54543<->9998,Open,in,out,R,-,2/30000,HttpConnection}{io=0,kio=0,kro=1}
Queued change org.eclipse.jetty.io.SelectChannelEndPoint$1@24fc99d4
FILL_INTERESTED-->FILLING HttpConnection@6e218984[FILLING,SelectChannelEndPoint@55ae0fb1{/127.0.0.1:54543<->9998,Open,in,out,-,-,2/30000,HttpConnection}{io=0,kio=0,kro=1}][p=HttpParser{s=START,0 of 0},g=HttpGenerator{s=START},c=HttpChannelOverHttp@5173d6e4{r=0,c=false,a=IDLE,uri=}]
Running change org.eclipse.jetty.io.SelectChannelEndPoint$1@24fc99d4
Selector loop waiting on select
HttpConnection@6e218984[FILLING,SelectChannelEndPoint@55ae0fb1{/127.0.0.1:54543<->9998,Open,in,out,-,-,3/30000,HttpConnection}{io=0,kio=0,kro=1}][p=HttpParser{s=START,0 of 0},g=HttpGenerator{s=START},c=HttpChannelOverHttp@5173d6e4{r=0,c=false,a=IDLE,uri=}] onFillable HttpChannelState@4fab0975{s=IDLE i=true a=null}
filled 483 SelectChannelEndPoint@55ae0fb1{/127.0.0.1:54543<->9998,Open,in,out,-,-,5/30000,HttpConnection}{io=0,kio=0,kro=1}
parseNext s=START HeapByteBuffer@6890032d[p=0,l=483,c=8192,r=483]={<<<GET /annoService/...zh-TW;q=0.6\r\n\r\n>>>\x00\x00\x00\x00\x00\x00\x00\x00\x00\x00\x00\x00\x00\x00\x00\x00\x00...\x00\x00\x00\x00\x00\x00\x00\x00\x00\x00\x00\x00\x00\x00\x00}
START --> SPACE1
SPACE1 --> URI
URI --> SPACE2
SPACE2 --> REQUEST_VERSION
REQUEST_VERSION --> HEADER
HEADER --> HEADER_VALUE
HEADER_VALUE --> HEADER_IN_VALUE
HEADER_IN_VALUE --> HEADER
HEADER --> HEADER_IN_VALUE
HEADER_IN_VALUE --> HEADER
HEADER --> HEADER_IN_VALUE
HEADER_IN_VALUE --> HEADER
HEADER --> HEADER_VALUE
HEADER_VALUE --> HEADER_IN_VALUE
HEADER_IN_VALUE --> HEADER
HEADER --> HEADER_IN_NAME
HEADER_IN_NAME --> HEADER_VALUE
HEADER_VALUE --> HEADER_IN_VALUE
HEADER_IN_VALUE --> HEADER
HEADER --> HEADER_IN_VALUE
HEADER_IN_VALUE --> HEADER
HEADER --> HEADER_IN_VALUE
HEADER_IN_VALUE --> HEADER
HEADER --> HEADER_VALUE
HEADER_VALUE --> HEADER_IN_VALUE
HEADER_IN_VALUE --> HEADER
HEADER --> END
HttpChannelOverHttp@5173d6e4{r=1,c=false,a=IDLE,uri=/annoService/query?text=A%20few%20people%20have%20the%20obstructive%20sleep%20apnea&semGroup=Chemicals&language=JPN} messageComplete
HttpInputOverHTTP@5f888fe0 EOF
HttpChannelOverHttp@5173d6e4{r=1,c=false,a=IDLE,uri=/annoService/query?text=A%20few%20people%20have%20the%20obstructive%20sleep%20apnea&semGroup=Chemicals&language=JPN} handle enter
HttpChannelState@4fab0975{s=IDLE i=true a=null} handling IDLE
HttpChannelOverHttp@5173d6e4{r=1,c=false,a=DISPATCHED,uri=/annoService/query?text=A%20few%20people%20have%20the%20obstructive%20sleep%20apnea&semGroup=Chemicals&language=JPN} action REQUEST_DISPATCH
REQUEST GET /annoService/query on HttpChannelOverHttp@5173d6e4{r=1,c=false,a=DISPATCHED,uri=/annoService/query?text=A%20few%20people%20have%20the%20obstructive%20sleep%20apnea&semGroup=Chemicals&language=JPN}
Detected type system at [file:/C:/Users/Administrator/workspace/BioMedAnalysis_REST/bin/desc/BMBasicTypeLite.xml]
DataBinder requires binding of required fields [language,semGroup]
org.eclipse.jetty.server.HttpConnection$SendCallback@27910df3[PROCESSING][i=ResponseInfo{HTTP/1.1 200 OK,-1,false},cb=org.eclipse.jetty.server.HttpChannel$CommitCallback@591d47ae] generate: NEED_HEADER (null,[p=0,l=79,c=32768,r=79],false)@START
org.eclipse.jetty.server.HttpConnection$SendCallback@27910df3[PROCESSING][i=ResponseInfo{HTTP/1.1 200 OK,-1,false},cb=org.eclipse.jetty.server.HttpChannel$CommitCallback@591d47ae] generate: FLUSH ([p=0,l=153,c=8192,r=153],[p=0,l=79,c=32768,r=79],false)@COMMITTED
write: WriteFlusher@79041c77{IDLE} [HeapByteBuffer@6f0a3ebf[p=0,l=153,c=8192,r=153]={<<<HTTP/1.1 200 OK\r\n...151106)\r\n\r\n4F\r\n>>>\x00\x00\x00\x00\x00\x00\x00\x00\x00\x00\x00\x00\x00\x00\x00\x00\x00...\x00\x00\x00\x00\x00\x00\x00\x00\x00\x00\x00\x00\x00\x00\x00},HeapByteBuffer@5c1934c7[p=0,l=79,c=32768,r=79]={<<<{"candidateList":...e sleep apnea"}>>>\x00\x00\x00\x00\x00\x00\x00\x00\x00\x00\x00\x00\x00\x00\x00\x00\x00...\x00\x00\x00\x00\x00\x00\x00\x00\x00\x00\x00\x00\x00\x00\x00}]
update WriteFlusher@79041c77{WRITING}:IDLE-->WRITING
flushed 232 SelectChannelEndPoint@55ae0fb1{/127.0.0.1:54543<->9998,Open,in,out,-,W,1975/30000,HttpConnection}{io=0,kio=0,kro=1}
update WriteFlusher@79041c77{IDLE}:WRITING-->IDLE
org.eclipse.jetty.server.HttpConnection$SendCallback@27910df3[PROCESSING][i=ResponseInfo{HTTP/1.1 200 OK,-1,false},cb=org.eclipse.jetty.server.HttpChannel$CommitCallback@591d47ae] generate: DONE ([p=153,l=153,c=8192,r=0],[p=79,l=79,c=32768,r=0],false)@COMMITTED
org.eclipse.jetty.server.HttpConnection$SendCallback@27910df3[PROCESSING][i=null,cb=Blocker@632b7b48{null}] generate: CONTINUE (null,[p=0,l=0,c=0,r=0],true)@COMPLETING
org.eclipse.jetty.server.HttpConnection$SendCallback@27910df3[PROCESSING][i=null,cb=Blocker@632b7b48{null}] generate: NEED_CHUNK (null,[p=0,l=0,c=0,r=0],true)@COMPLETING
org.eclipse.jetty.server.HttpConnection$SendCallback@27910df3[PROCESSING][i=null,cb=Blocker@632b7b48{null}] generate: FLUSH (null,[p=0,l=0,c=0,r=0],true)@COMPLETING
write: WriteFlusher@79041c77{IDLE} [HeapByteBuffer@5d6a4e54[p=0,l=7,c=1024,r=7]={<<<\r\n0\r\n\r\n>>>\x00\x00\x00\x00\x00\x00\x00\x00\x00\x00\x00\x00\x00\x00\x00\x00\x00...\x00\x00\x00\x00\x00\x00\x00\x00\x00\x00\x00\x00\x00\x00\x00}]
update WriteFlusher@79041c77{WRITING}:IDLE-->WRITING
flushed 7 SelectChannelEndPoint@55ae0fb1{/127.0.0.1:54543<->9998,Open,in,out,-,W,2/30000,HttpConnection}{io=0,kio=0,kro=1}
update WriteFlusher@79041c77{IDLE}:WRITING-->IDLE
org.eclipse.jetty.server.HttpConnection$SendCallback@27910df3[PROCESSING][i=null,cb=Blocker@632b7b48{null}] generate: DONE (null,[p=0,l=0,c=0,r=0],true)@END
RESPONSE /annoService/query  200 handled=true
HttpChannelState@4fab0975{s=DISPATCHED i=true a=null} unhandle DISPATCHED
reset HttpParser{s=END,0 of 0}
END --> START
HttpChannelOverHttp@5173d6e4{r=1,c=false,a=IDLE,uri=} handle exit, result COMPLETE
filled 0 SelectChannelEndPoint@55ae0fb1{/127.0.0.1:54543<->9998,Open,in,out,-,-,7/30000,HttpConnection}{io=0,kio=0,kro=1}
filled 0 SelectChannelEndPoint@55ae0fb1{/127.0.0.1:54543<->9998,Open,in,out,-,-,7/30000,HttpConnection}{io=0,kio=0,kro=1}
parseNext s=START HeapByteBuffer@6f0a3ebf[p=0,l=0,c=8192,r=0]={<<<>>>HTTP/1.1 200 OK\r\n...\x00\x00\x00\x00\x00\x00\x00\x00\x00\x00\x00\x00\x00\x00\x00}
fillInterested HttpConnection@6e218984[FILLING,SelectChannelEndPoint@55ae0fb1{/127.0.0.1:54543<->9998,Open,in,out,-,-,8/30000,HttpConnection}{io=0,kio=0,kro=1}][p=HttpParser{s=START,0 of -1},g=HttpGenerator{s=START},c=HttpChannelOverHttp@5173d6e4{r=1,c=false,a=IDLE,uri=}]
FILLING-->FILLING_FILL_INTERESTED HttpConnection@6e218984[FILLING_FILL_INTERESTED,SelectChannelEndPoint@55ae0fb1{/127.0.0.1:54543<->9998,Open,in,out,-,-,9/30000,HttpConnection}{io=0,kio=0,kro=1}][p=HttpParser{s=START,0 of -1},g=HttpGenerator{s=START},c=HttpChannelOverHttp@5173d6e4{r=1,c=false,a=IDLE,uri=}]
FILLING_FILL_INTERESTED-->FILL_INTERESTED HttpConnection@6e218984[FILL_INTERESTED,SelectChannelEndPoint@55ae0fb1{/127.0.0.1:54543<->9998,Open,in,out,-,-,10/30000,HttpConnection}{io=0,kio=0,kro=1}][p=HttpParser{s=START,0 of -1},g=HttpGenerator{s=START},c=HttpChannelOverHttp@5173d6e4{r=1,c=false,a=IDLE,uri=}]
Local interests updating 0 -> 1 for SelectChannelEndPoint@55ae0fb1{/127.0.0.1:54543<->9998,Open,in,out,R,-,0/30000,HttpConnection}{io=1,kio=0,kro=1}
Queued change org.eclipse.jetty.io.SelectChannelEndPoint$1@24fc99d4
Selector loop woken up from select, 0/1 selected
Running change org.eclipse.jetty.io.SelectChannelEndPoint$1@24fc99d4
Key interests updated 0 -> 1 on SelectChannelEndPoint@55ae0fb1{/127.0.0.1:54543<->9998,Open,in,out,R,-,1/30000,HttpConnection}{io=1,kio=1,kro=1}
Selector loop waiting on select
Get connection for route {s}->https://utslogin.nlm.nih.gov
Connecting to utslogin.nlm.nih.gov:443
CookieSpec selected: ignoreCookies
Auth cache not set in the context
Target auth state: UNCHALLENGED
Proxy auth state: UNCHALLENGED
Attempt 1 to execute request
Sending request: POST /cas/v1/tickets/TGT-620045-f3aOfsvunuMjyBgDkg5mpifdR2WZVEw6Kqxf4vfnTelrRCcgx3-cas HTTP/1.1
 >> "POST /cas/v1/tickets/TGT-620045-f3aOfsvunuMjyBgDkg5mpifdR2WZVEw6Kqxf4vfnTelrRCcgx3-cas HTTP/1.1[\r][\n]"
 >> "Accept: */*[\r][\n]"
 >> "Content-Type: application/x-www-form-urlencoded; charset=ISO-8859-1[\r][\n]"
 >> "Content-Length: 39[\r][\n]"
 >> "Host: utslogin.nlm.nih.gov[\r][\n]"
 >> "Connection: Keep-Alive[\r][\n]"
 >> "User-Agent: Apache-HttpClient/4.3.6 (java 1.5)[\r][\n]"
 >> "Accept-Encoding: gzip,deflate[\r][\n]"
 >> "[\r][\n]"
>> POST /cas/v1/tickets/TGT-620045-f3aOfsvunuMjyBgDkg5mpifdR2WZVEw6Kqxf4vfnTelrRCcgx3-cas HTTP/1.1
>> Accept: */*
>> Content-Type: application/x-www-form-urlencoded; charset=ISO-8859-1
>> Content-Length: 39
>> Host: utslogin.nlm.nih.gov
>> Connection: Keep-Alive
>> User-Agent: Apache-HttpClient/4.3.6 (java 1.5)
>> Accept-Encoding: gzip,deflate
 >> "service=http%3A%2F%2Fumlsks.nlm.nih.gov"
 << "HTTP/1.1 200 OK[\r][\n]"
 << "Date: Fri, 12 May 2017 13:20:12 GMT[\r][\n]"
 << "Accept-Ranges: bytes[\r][\n]"
 << "Server: Noelios-Restlet-Engine/1.1.10[\r][\n]"
 << "Content-Type: text/plain;charset=ISO-8859-1[\r][\n]"
 << "Content-Length: 35[\r][\n]"
 << "X-VIP-Info: 130.14.16.164:443[\r][\n]"
 << "X-Pool-Info: /Common/utslogin_p 10.1.5.113 8080[\r][\n]"
 << "Strict-Transport-Security: max-age=31536000; includeSubDomains; preload[\r][\n]"
 << "[\r][\n]"
Receiving response: HTTP/1.1 200 OK
<< HTTP/1.1 200 OK
<< Date: Fri, 12 May 2017 13:20:12 GMT
<< Accept-Ranges: bytes
<< Server: Noelios-Restlet-Engine/1.1.10
<< Content-Type: text/plain;charset=ISO-8859-1
<< Content-Length: 35
<< X-VIP-Info: 130.14.16.164:443
<< X-Pool-Info: /Common/utslogin_p 10.1.5.113 8080
<< Strict-Transport-Security: max-age=31536000; includeSubDomains; preload
Connection can be kept alive indefinitely
Parsing response as: text/plain;charset=ISO-8859-1
Parsed data to instance of: class org.apache.http.conn.EofSensorInputStream
 << "ST-2673665-JLbAcDV9WvoueIyLDEzQ-cas"
Releasing connection org.apache.http.impl.conn.ManagedClientConnectionImpl@312adf33
Connection can be kept alive indefinitely
Get connection for route {s}->https://utslogin.nlm.nih.gov
Connecting to utslogin.nlm.nih.gov:443
CookieSpec selected: ignoreCookies
Auth cache not set in the context
Target auth state: UNCHALLENGED
Proxy auth state: UNCHALLENGED
Attempt 1 to execute request
Sending request: POST /cas/v1/tickets/TGT-620045-f3aOfsvunuMjyBgDkg5mpifdR2WZVEw6Kqxf4vfnTelrRCcgx3-cas HTTP/1.1
 >> "POST /cas/v1/tickets/TGT-620045-f3aOfsvunuMjyBgDkg5mpifdR2WZVEw6Kqxf4vfnTelrRCcgx3-cas HTTP/1.1[\r][\n]"
 >> "Accept: */*[\r][\n]"
 >> "Content-Type: application/x-www-form-urlencoded; charset=ISO-8859-1[\r][\n]"
 >> "Content-Length: 39[\r][\n]"
 >> "Host: utslogin.nlm.nih.gov[\r][\n]"
 >> "Connection: Keep-Alive[\r][\n]"
 >> "User-Agent: Apache-HttpClient/4.3.6 (java 1.5)[\r][\n]"
 >> "Accept-Encoding: gzip,deflate[\r][\n]"
 >> "[\r][\n]"
>> POST /cas/v1/tickets/TGT-620045-f3aOfsvunuMjyBgDkg5mpifdR2WZVEw6Kqxf4vfnTelrRCcgx3-cas HTTP/1.1
>> Accept: */*
>> Content-Type: application/x-www-form-urlencoded; charset=ISO-8859-1
>> Content-Length: 39
>> Host: utslogin.nlm.nih.gov
>> Connection: Keep-Alive
>> User-Agent: Apache-HttpClient/4.3.6 (java 1.5)
>> Accept-Encoding: gzip,deflate
 >> "service=http%3A%2F%2Fumlsks.nlm.nih.gov"
 << "HTTP/1.1 200 OK[\r][\n]"
 << "Date: Fri, 12 May 2017 13:20:13 GMT[\r][\n]"
 << "Accept-Ranges: bytes[\r][\n]"
 << "Server: Noelios-Restlet-Engine/1.1.10[\r][\n]"
 << "Content-Type: text/plain;charset=ISO-8859-1[\r][\n]"
 << "Content-Length: 35[\r][\n]"
 << "X-VIP-Info: 130.14.16.164:443[\r][\n]"
 << "X-Pool-Info: /Common/utslogin_p 10.1.5.113 8080[\r][\n]"
 << "Strict-Transport-Security: max-age=31536000; includeSubDomains; preload[\r][\n]"
 << "[\r][\n]"
Receiving response: HTTP/1.1 200 OK
<< HTTP/1.1 200 OK
<< Date: Fri, 12 May 2017 13:20:13 GMT
<< Accept-Ranges: bytes
<< Server: Noelios-Restlet-Engine/1.1.10
<< Content-Type: text/plain;charset=ISO-8859-1
<< Content-Length: 35
<< X-VIP-Info: 130.14.16.164:443
<< X-Pool-Info: /Common/utslogin_p 10.1.5.113 8080
<< Strict-Transport-Security: max-age=31536000; includeSubDomains; preload
Connection can be kept alive indefinitely
Parsing response as: text/plain;charset=ISO-8859-1
Parsed data to instance of: class org.apache.http.conn.EofSensorInputStream
 << "ST-2673666-Eg6XqPW4IwgMJwvDC9UN-cas"
Releasing connection org.apache.http.impl.conn.ManagedClientConnectionImpl@1a7f606c
Connection can be kept alive indefinitely
Get connection for route {s}->https://utslogin.nlm.nih.gov
Connecting to utslogin.nlm.nih.gov:443
CookieSpec selected: ignoreCookies
Auth cache not set in the context
Target auth state: UNCHALLENGED
Proxy auth state: UNCHALLENGED
Attempt 1 to execute request
Sending request: POST /cas/v1/tickets/TGT-620045-f3aOfsvunuMjyBgDkg5mpifdR2WZVEw6Kqxf4vfnTelrRCcgx3-cas HTTP/1.1
 >> "POST /cas/v1/tickets/TGT-620045-f3aOfsvunuMjyBgDkg5mpifdR2WZVEw6Kqxf4vfnTelrRCcgx3-cas HTTP/1.1[\r][\n]"
 >> "Accept: */*[\r][\n]"
 >> "Content-Type: application/x-www-form-urlencoded; charset=ISO-8859-1[\r][\n]"
 >> "Content-Length: 39[\r][\n]"
 >> "Host: utslogin.nlm.nih.gov[\r][\n]"
 >> "Connection: Keep-Alive[\r][\n]"
 >> "User-Agent: Apache-HttpClient/4.3.6 (java 1.5)[\r][\n]"
 >> "Accept-Encoding: gzip,deflate[\r][\n]"
 >> "[\r][\n]"
>> POST /cas/v1/tickets/TGT-620045-f3aOfsvunuMjyBgDkg5mpifdR2WZVEw6Kqxf4vfnTelrRCcgx3-cas HTTP/1.1
>> Accept: */*
>> Content-Type: application/x-www-form-urlencoded; charset=ISO-8859-1
>> Content-Length: 39
>> Host: utslogin.nlm.nih.gov
>> Connection: Keep-Alive
>> User-Agent: Apache-HttpClient/4.3.6 (java 1.5)
>> Accept-Encoding: gzip,deflate
 >> "service=http%3A%2F%2Fumlsks.nlm.nih.gov"
 << "HTTP/1.1 200 OK[\r][\n]"
 << "Date: Fri, 12 May 2017 13:20:15 GMT[\r][\n]"
 << "Accept-Ranges: bytes[\r][\n]"
 << "Server: Noelios-Restlet-Engine/1.1.10[\r][\n]"
 << "Content-Type: text/plain;charset=ISO-8859-1[\r][\n]"
 << "Content-Length: 35[\r][\n]"
 << "X-VIP-Info: 130.14.16.164:443[\r][\n]"
 << "X-Pool-Info: /Common/utslogin_p 10.1.5.113 8080[\r][\n]"
 << "Strict-Transport-Security: max-age=31536000; includeSubDomains; preload[\r][\n]"
 << "[\r][\n]"
Receiving response: HTTP/1.1 200 OK
<< HTTP/1.1 200 OK
<< Date: Fri, 12 May 2017 13:20:15 GMT
<< Accept-Ranges: bytes
<< Server: Noelios-Restlet-Engine/1.1.10
<< Content-Type: text/plain;charset=ISO-8859-1
<< Content-Length: 35
<< X-VIP-Info: 130.14.16.164:443
<< X-Pool-Info: /Common/utslogin_p 10.1.5.113 8080
<< Strict-Transport-Security: max-age=31536000; includeSubDomains; preload
Connection can be kept alive indefinitely
Parsing response as: text/plain;charset=ISO-8859-1
Parsed data to instance of: class org.apache.http.conn.EofSensorInputStream
 << "ST-2673668-peQn5vbrT9YiwmeYxCaz-cas"
Releasing connection org.apache.http.impl.conn.ManagedClientConnectionImpl@33f66c76
Connection can be kept alive indefinitely
Get connection for route {s}->https://utslogin.nlm.nih.gov
Connecting to utslogin.nlm.nih.gov:443
Selector loop woken up from select, 1/1 selected
Key interests updated 1 -> 0 on SelectChannelEndPoint@55ae0fb1{/127.0.0.1:54543<->9998,Open,in,out,R,-,6733/30000,HttpConnection}{io=1,kio=0,kro=1}
Local interests updating 1 -> 0 for SelectChannelEndPoint@55ae0fb1{/127.0.0.1:54543<->9998,Open,in,out,R,-,6734/30000,HttpConnection}{io=0,kio=0,kro=1}
Queued change org.eclipse.jetty.io.SelectChannelEndPoint$1@24fc99d4
FILL_INTERESTED-->FILLING HttpConnection@6e218984[FILLING,SelectChannelEndPoint@55ae0fb1{/127.0.0.1:54543<->9998,Open,in,out,-,-,6734/30000,HttpConnection}{io=0,kio=0,kro=1}][p=HttpParser{s=START,0 of -1},g=HttpGenerator{s=START},c=HttpChannelOverHttp@5173d6e4{r=1,c=false,a=IDLE,uri=}]
Running change org.eclipse.jetty.io.SelectChannelEndPoint$1@24fc99d4
Selector loop waiting on select
HttpConnection@6e218984[FILLING,SelectChannelEndPoint@55ae0fb1{/127.0.0.1:54543<->9998,Open,in,out,-,-,6740/30000,HttpConnection}{io=0,kio=0,kro=1}][p=HttpParser{s=START,0 of -1},g=HttpGenerator{s=START},c=HttpChannelOverHttp@5173d6e4{r=1,c=false,a=IDLE,uri=}] onFillable HttpChannelState@4fab0975{s=IDLE i=true a=null}
filled 483 SelectChannelEndPoint@55ae0fb1{/127.0.0.1:54543<->9998,Open,in,out,-,-,6740/30000,HttpConnection}{io=0,kio=0,kro=1}
parseNext s=START HeapByteBuffer@6890032d[p=0,l=483,c=8192,r=483]={<<<GET /annoService/...zh-TW;q=0.6\r\n\r\n>>>\x00\x00\x00\x00\x00\x00\x00\x00\x00\x00\x00\x00\x00\x00\x00\x00\x00...\x00\x00\x00\x00\x00\x00\x00\x00\x00\x00\x00\x00\x00\x00\x00}
START --> SPACE1
SPACE1 --> URI
URI --> SPACE2
SPACE2 --> REQUEST_VERSION
REQUEST_VERSION --> HEADER
HEADER --> HEADER_IN_VALUE
HEADER_IN_VALUE --> HEADER
HEADER --> HEADER_IN_VALUE
HEADER_IN_VALUE --> HEADER
HEADER --> HEADER_IN_VALUE
HEADER_IN_VALUE --> HEADER
HEADER --> HEADER_IN_VALUE
HEADER_IN_VALUE --> HEADER
HEADER --> HEADER_IN_NAME
HEADER_IN_NAME --> HEADER_VALUE
HEADER_VALUE --> HEADER_IN_VALUE
HEADER_IN_VALUE --> HEADER
HEADER --> HEADER_IN_VALUE
HEADER_IN_VALUE --> HEADER
HEADER --> HEADER_IN_VALUE
HEADER_IN_VALUE --> HEADER
HEADER --> HEADER_IN_VALUE
HEADER_IN_VALUE --> HEADER
HEADER --> END
HttpChannelOverHttp@5173d6e4{r=2,c=false,a=IDLE,uri=/annoService/query?text=A%20few%20people%20have%20the%20obstructive%20sleep%20apnea&semGroup=Chemicals&language=JPN} messageComplete
HttpInputOverHTTP@5f888fe0 EOF
HttpChannelOverHttp@5173d6e4{r=2,c=false,a=IDLE,uri=/annoService/query?text=A%20few%20people%20have%20the%20obstructive%20sleep%20apnea&semGroup=Chemicals&language=JPN} handle enter
HttpChannelState@4fab0975{s=IDLE i=true a=null} handling IDLE
HttpChannelOverHttp@5173d6e4{r=2,c=false,a=DISPATCHED,uri=/annoService/query?text=A%20few%20people%20have%20the%20obstructive%20sleep%20apnea&semGroup=Chemicals&language=JPN} action REQUEST_DISPATCH
REQUEST GET /annoService/query on HttpChannelOverHttp@5173d6e4{r=2,c=false,a=DISPATCHED,uri=/annoService/query?text=A%20few%20people%20have%20the%20obstructive%20sleep%20apnea&semGroup=Chemicals&language=JPN}
Detected type system at [file:/C:/Users/Administrator/workspace/BioMedAnalysis_REST/bin/desc/BMBasicTypeLite.xml]
DataBinder requires binding of required fields [language,semGroup]
CookieSpec selected: ignoreCookies
Auth cache not set in the context
Target auth state: UNCHALLENGED
Proxy auth state: UNCHALLENGED
Attempt 1 to execute request
Sending request: POST /cas/v1/tickets/TGT-620045-f3aOfsvunuMjyBgDkg5mpifdR2WZVEw6Kqxf4vfnTelrRCcgx3-cas HTTP/1.1
 >> "POST /cas/v1/tickets/TGT-620045-f3aOfsvunuMjyBgDkg5mpifdR2WZVEw6Kqxf4vfnTelrRCcgx3-cas HTTP/1.1[\r][\n]"
 >> "Accept: */*[\r][\n]"
 >> "Content-Type: application/x-www-form-urlencoded; charset=ISO-8859-1[\r][\n]"
 >> "Content-Length: 39[\r][\n]"
 >> "Host: utslogin.nlm.nih.gov[\r][\n]"
 >> "Connection: Keep-Alive[\r][\n]"
 >> "User-Agent: Apache-HttpClient/4.3.6 (java 1.5)[\r][\n]"
 >> "Accept-Encoding: gzip,deflate[\r][\n]"
 >> "[\r][\n]"
>> POST /cas/v1/tickets/TGT-620045-f3aOfsvunuMjyBgDkg5mpifdR2WZVEw6Kqxf4vfnTelrRCcgx3-cas HTTP/1.1
>> Accept: */*
>> Content-Type: application/x-www-form-urlencoded; charset=ISO-8859-1
>> Content-Length: 39
>> Host: utslogin.nlm.nih.gov
>> Connection: Keep-Alive
>> User-Agent: Apache-HttpClient/4.3.6 (java 1.5)
>> Accept-Encoding: gzip,deflate
 >> "service=http%3A%2F%2Fumlsks.nlm.nih.gov"
org.eclipse.jetty.server.HttpConnection$SendCallback@27910df3[PROCESSING][i=ResponseInfo{HTTP/1.1 200 OK,-1,false},cb=org.eclipse.jetty.server.HttpChannel$CommitCallback@4a638a1e] generate: NEED_HEADER (null,[p=0,l=79,c=32768,r=79],false)@START
org.eclipse.jetty.server.HttpConnection$SendCallback@27910df3[PROCESSING][i=ResponseInfo{HTTP/1.1 200 OK,-1,false},cb=org.eclipse.jetty.server.HttpChannel$CommitCallback@4a638a1e] generate: FLUSH ([p=0,l=153,c=8192,r=153],[p=0,l=79,c=32768,r=79],false)@COMMITTED
write: WriteFlusher@79041c77{IDLE} [HeapByteBuffer@6f0a3ebf[p=0,l=153,c=8192,r=153]={<<<HTTP/1.1 200 OK\r\n...151106)\r\n\r\n4F\r\n>>>\x00\x00\x00\x00\x00\x00\x00\x00\x00\x00\x00\x00\x00\x00\x00\x00\x00...\x00\x00\x00\x00\x00\x00\x00\x00\x00\x00\x00\x00\x00\x00\x00},HeapByteBuffer@5c1934c7[p=0,l=79,c=32768,r=79]={<<<{"candidateList":...e sleep apnea"}>>>\x00\x00\x00\x00\x00\x00\x00\x00\x00\x00\x00\x00\x00\x00\x00\x00\x00...\x00\x00\x00\x00\x00\x00\x00\x00\x00\x00\x00\x00\x00\x00\x00}]
update WriteFlusher@79041c77{WRITING}:IDLE-->WRITING
flushed 232 SelectChannelEndPoint@55ae0fb1{/127.0.0.1:54543<->9998,Open,in,out,-,W,145/30000,HttpConnection}{io=0,kio=0,kro=1}
update WriteFlusher@79041c77{IDLE}:WRITING-->IDLE
org.eclipse.jetty.server.HttpConnection$SendCallback@27910df3[PROCESSING][i=ResponseInfo{HTTP/1.1 200 OK,-1,false},cb=org.eclipse.jetty.server.HttpChannel$CommitCallback@4a638a1e] generate: DONE ([p=153,l=153,c=8192,r=0],[p=79,l=79,c=32768,r=0],false)@COMMITTED
org.eclipse.jetty.server.HttpConnection$SendCallback@27910df3[PROCESSING][i=null,cb=Blocker@632b7b48{null}] generate: CONTINUE (null,[p=0,l=0,c=0,r=0],true)@COMPLETING
org.eclipse.jetty.server.HttpConnection$SendCallback@27910df3[PROCESSING][i=null,cb=Blocker@632b7b48{null}] generate: NEED_CHUNK (null,[p=0,l=0,c=0,r=0],true)@COMPLETING
org.eclipse.jetty.server.HttpConnection$SendCallback@27910df3[PROCESSING][i=null,cb=Blocker@632b7b48{null}] generate: FLUSH (null,[p=0,l=0,c=0,r=0],true)@COMPLETING
write: WriteFlusher@79041c77{IDLE} [HeapByteBuffer@5d6a4e54[p=0,l=7,c=1024,r=7]={<<<\r\n0\r\n\r\n>>>\x00\x00\x00\x00\x00\x00\x00\x00\x00\x00\x00\x00\x00\x00\x00\x00\x00...\x00\x00\x00\x00\x00\x00\x00\x00\x00\x00\x00\x00\x00\x00\x00}]
update WriteFlusher@79041c77{WRITING}:IDLE-->WRITING
flushed 7 SelectChannelEndPoint@55ae0fb1{/127.0.0.1:54543<->9998,Open,in,out,-,W,1/30000,HttpConnection}{io=0,kio=0,kro=1}
update WriteFlusher@79041c77{IDLE}:WRITING-->IDLE
org.eclipse.jetty.server.HttpConnection$SendCallback@27910df3[PROCESSING][i=null,cb=Blocker@632b7b48{null}] generate: DONE (null,[p=0,l=0,c=0,r=0],true)@END
RESPONSE /annoService/query  200 handled=true
HttpChannelState@4fab0975{s=DISPATCHED i=true a=null} unhandle DISPATCHED
reset HttpParser{s=END,0 of -1}
END --> START
HttpChannelOverHttp@5173d6e4{r=2,c=false,a=IDLE,uri=} handle exit, result COMPLETE
filled 0 SelectChannelEndPoint@55ae0fb1{/127.0.0.1:54543<->9998,Open,in,out,-,-,2/30000,HttpConnection}{io=0,kio=0,kro=1}
filled 0 SelectChannelEndPoint@55ae0fb1{/127.0.0.1:54543<->9998,Open,in,out,-,-,2/30000,HttpConnection}{io=0,kio=0,kro=1}
parseNext s=START HeapByteBuffer@6f0a3ebf[p=0,l=0,c=8192,r=0]={<<<>>>HTTP/1.1 200 OK\r\n...\x00\x00\x00\x00\x00\x00\x00\x00\x00\x00\x00\x00\x00\x00\x00}
fillInterested HttpConnection@6e218984[FILLING,SelectChannelEndPoint@55ae0fb1{/127.0.0.1:54543<->9998,Open,in,out,-,-,2/30000,HttpConnection}{io=0,kio=0,kro=1}][p=HttpParser{s=START,0 of -1},g=HttpGenerator{s=START},c=HttpChannelOverHttp@5173d6e4{r=2,c=false,a=IDLE,uri=}]
FILLING-->FILLING_FILL_INTERESTED HttpConnection@6e218984[FILLING_FILL_INTERESTED,SelectChannelEndPoint@55ae0fb1{/127.0.0.1:54543<->9998,Open,in,out,-,-,4/30000,HttpConnection}{io=0,kio=0,kro=1}][p=HttpParser{s=START,0 of -1},g=HttpGenerator{s=START},c=HttpChannelOverHttp@5173d6e4{r=2,c=false,a=IDLE,uri=}]
FILLING_FILL_INTERESTED-->FILL_INTERESTED HttpConnection@6e218984[FILL_INTERESTED,SelectChannelEndPoint@55ae0fb1{/127.0.0.1:54543<->9998,Open,in,out,-,-,5/30000,HttpConnection}{io=0,kio=0,kro=1}][p=HttpParser{s=START,0 of -1},g=HttpGenerator{s=START},c=HttpChannelOverHttp@5173d6e4{r=2,c=false,a=IDLE,uri=}]
Local interests updating 0 -> 1 for SelectChannelEndPoint@55ae0fb1{/127.0.0.1:54543<->9998,Open,in,out,R,-,0/30000,HttpConnection}{io=1,kio=0,kro=1}
Queued change org.eclipse.jetty.io.SelectChannelEndPoint$1@24fc99d4
Selector loop woken up from select, 0/1 selected
Running change org.eclipse.jetty.io.SelectChannelEndPoint$1@24fc99d4
Key interests updated 0 -> 1 on SelectChannelEndPoint@55ae0fb1{/127.0.0.1:54543<->9998,Open,in,out,R,-,1/30000,HttpConnection}{io=1,kio=1,kro=1}
Selector loop waiting on select
 << "HTTP/1.1 200 OK[\r][\n]"
 << "Date: Fri, 12 May 2017 13:20:16 GMT[\r][\n]"
 << "Accept-Ranges: bytes[\r][\n]"
 << "Server: Noelios-Restlet-Engine/1.1.10[\r][\n]"
 << "Content-Type: text/plain;charset=ISO-8859-1[\r][\n]"
 << "Content-Length: 35[\r][\n]"
 << "X-VIP-Info: 130.14.16.164:443[\r][\n]"
 << "X-Pool-Info: /Common/utslogin_p 10.1.5.113 8080[\r][\n]"
 << "Strict-Transport-Security: max-age=31536000; includeSubDomains; preload[\r][\n]"
 << "[\r][\n]"
Receiving response: HTTP/1.1 200 OK
<< HTTP/1.1 200 OK
<< Date: Fri, 12 May 2017 13:20:16 GMT
<< Accept-Ranges: bytes
<< Server: Noelios-Restlet-Engine/1.1.10
<< Content-Type: text/plain;charset=ISO-8859-1
<< Content-Length: 35
<< X-VIP-Info: 130.14.16.164:443
<< X-Pool-Info: /Common/utslogin_p 10.1.5.113 8080
<< Strict-Transport-Security: max-age=31536000; includeSubDomains; preload
Connection can be kept alive indefinitely
Parsing response as: text/plain;charset=ISO-8859-1
Parsed data to instance of: class org.apache.http.conn.EofSensorInputStream
 << "ST-2673669-Si2wy95HWtNbwKhjMXbP-cas"
Releasing connection org.apache.http.impl.conn.ManagedClientConnectionImpl@ef2f3d8
Connection can be kept alive indefinitely
Get connection for route {s}->https://utslogin.nlm.nih.gov
Connecting to utslogin.nlm.nih.gov:443
CookieSpec selected: ignoreCookies
Auth cache not set in the context
Target auth state: UNCHALLENGED
Proxy auth state: UNCHALLENGED
Attempt 1 to execute request
Sending request: POST /cas/v1/tickets/TGT-620045-f3aOfsvunuMjyBgDkg5mpifdR2WZVEw6Kqxf4vfnTelrRCcgx3-cas HTTP/1.1
 >> "POST /cas/v1/tickets/TGT-620045-f3aOfsvunuMjyBgDkg5mpifdR2WZVEw6Kqxf4vfnTelrRCcgx3-cas HTTP/1.1[\r][\n]"
 >> "Accept: */*[\r][\n]"
 >> "Content-Type: application/x-www-form-urlencoded; charset=ISO-8859-1[\r][\n]"
 >> "Content-Length: 39[\r][\n]"
 >> "Host: utslogin.nlm.nih.gov[\r][\n]"
 >> "Connection: Keep-Alive[\r][\n]"
 >> "User-Agent: Apache-HttpClient/4.3.6 (java 1.5)[\r][\n]"
 >> "Accept-Encoding: gzip,deflate[\r][\n]"
 >> "[\r][\n]"
>> POST /cas/v1/tickets/TGT-620045-f3aOfsvunuMjyBgDkg5mpifdR2WZVEw6Kqxf4vfnTelrRCcgx3-cas HTTP/1.1
>> Accept: */*
>> Content-Type: application/x-www-form-urlencoded; charset=ISO-8859-1
>> Content-Length: 39
>> Host: utslogin.nlm.nih.gov
>> Connection: Keep-Alive
>> User-Agent: Apache-HttpClient/4.3.6 (java 1.5)
>> Accept-Encoding: gzip,deflate
 >> "service=http%3A%2F%2Fumlsks.nlm.nih.gov"
 << "HTTP/1.1 200 OK[\r][\n]"
 << "Date: Fri, 12 May 2017 13:20:18 GMT[\r][\n]"
 << "Accept-Ranges: bytes[\r][\n]"
 << "Server: Noelios-Restlet-Engine/1.1.10[\r][\n]"
 << "Content-Type: text/plain;charset=ISO-8859-1[\r][\n]"
 << "Content-Length: 35[\r][\n]"
 << "X-VIP-Info: 130.14.16.164:443[\r][\n]"
 << "X-Pool-Info: /Common/utslogin_p 10.1.5.113 8080[\r][\n]"
 << "Strict-Transport-Security: max-age=31536000; includeSubDomains; preload[\r][\n]"
 << "[\r][\n]"
Receiving response: HTTP/1.1 200 OK
<< HTTP/1.1 200 OK
<< Date: Fri, 12 May 2017 13:20:18 GMT
<< Accept-Ranges: bytes
<< Server: Noelios-Restlet-Engine/1.1.10
<< Content-Type: text/plain;charset=ISO-8859-1
<< Content-Length: 35
<< X-VIP-Info: 130.14.16.164:443
<< X-Pool-Info: /Common/utslogin_p 10.1.5.113 8080
<< Strict-Transport-Security: max-age=31536000; includeSubDomains; preload
Connection can be kept alive indefinitely
Parsing response as: text/plain;charset=ISO-8859-1
Parsed data to instance of: class org.apache.http.conn.EofSensorInputStream
 << "ST-2673670-VCpfQ4uiYxtRYLToITZv-cas"
Releasing connection org.apache.http.impl.conn.ManagedClientConnectionImpl@6b60473
Connection can be kept alive indefinitely
Get connection for route {s}->https://utslogin.nlm.nih.gov
Connecting to utslogin.nlm.nih.gov:443
CookieSpec selected: ignoreCookies
Auth cache not set in the context
Target auth state: UNCHALLENGED
Proxy auth state: UNCHALLENGED
Attempt 1 to execute request
Sending request: POST /cas/v1/tickets/TGT-620045-f3aOfsvunuMjyBgDkg5mpifdR2WZVEw6Kqxf4vfnTelrRCcgx3-cas HTTP/1.1
 >> "POST /cas/v1/tickets/TGT-620045-f3aOfsvunuMjyBgDkg5mpifdR2WZVEw6Kqxf4vfnTelrRCcgx3-cas HTTP/1.1[\r][\n]"
 >> "Accept: */*[\r][\n]"
 >> "Content-Type: application/x-www-form-urlencoded; charset=ISO-8859-1[\r][\n]"
 >> "Content-Length: 39[\r][\n]"
 >> "Host: utslogin.nlm.nih.gov[\r][\n]"
 >> "Connection: Keep-Alive[\r][\n]"
 >> "User-Agent: Apache-HttpClient/4.3.6 (java 1.5)[\r][\n]"
 >> "Accept-Encoding: gzip,deflate[\r][\n]"
 >> "[\r][\n]"
>> POST /cas/v1/tickets/TGT-620045-f3aOfsvunuMjyBgDkg5mpifdR2WZVEw6Kqxf4vfnTelrRCcgx3-cas HTTP/1.1
>> Accept: */*
>> Content-Type: application/x-www-form-urlencoded; charset=ISO-8859-1
>> Content-Length: 39
>> Host: utslogin.nlm.nih.gov
>> Connection: Keep-Alive
>> User-Agent: Apache-HttpClient/4.3.6 (java 1.5)
>> Accept-Encoding: gzip,deflate
 >> "service=http%3A%2F%2Fumlsks.nlm.nih.gov"
 << "HTTP/1.1 200 OK[\r][\n]"
 << "Date: Fri, 12 May 2017 13:20:19 GMT[\r][\n]"
 << "Accept-Ranges: bytes[\r][\n]"
 << "Server: Noelios-Restlet-Engine/1.1.10[\r][\n]"
 << "Content-Type: text/plain;charset=ISO-8859-1[\r][\n]"
 << "Content-Length: 35[\r][\n]"
 << "X-VIP-Info: 130.14.16.164:443[\r][\n]"
 << "X-Pool-Info: /Common/utslogin_p 10.1.5.113 8080[\r][\n]"
 << "Strict-Transport-Security: max-age=31536000; includeSubDomains; preload[\r][\n]"
 << "[\r][\n]"
Receiving response: HTTP/1.1 200 OK
<< HTTP/1.1 200 OK
<< Date: Fri, 12 May 2017 13:20:19 GMT
<< Accept-Ranges: bytes
<< Server: Noelios-Restlet-Engine/1.1.10
<< Content-Type: text/plain;charset=ISO-8859-1
<< Content-Length: 35
<< X-VIP-Info: 130.14.16.164:443
<< X-Pool-Info: /Common/utslogin_p 10.1.5.113 8080
<< Strict-Transport-Security: max-age=31536000; includeSubDomains; preload
Connection can be kept alive indefinitely
Parsing response as: text/plain;charset=ISO-8859-1
Parsed data to instance of: class org.apache.http.conn.EofSensorInputStream
 << "ST-2673671-UctJFkfe9KG0WqSAK4dh-cas"
Releasing connection org.apache.http.impl.conn.ManagedClientConnectionImpl@3348df98
Connection can be kept alive indefinitely
Get connection for route {s}->https://utslogin.nlm.nih.gov
Connecting to utslogin.nlm.nih.gov:443
CookieSpec selected: ignoreCookies
Auth cache not set in the context
Target auth state: UNCHALLENGED
Proxy auth state: UNCHALLENGED
Attempt 1 to execute request
Sending request: POST /cas/v1/tickets/TGT-620045-f3aOfsvunuMjyBgDkg5mpifdR2WZVEw6Kqxf4vfnTelrRCcgx3-cas HTTP/1.1
 >> "POST /cas/v1/tickets/TGT-620045-f3aOfsvunuMjyBgDkg5mpifdR2WZVEw6Kqxf4vfnTelrRCcgx3-cas HTTP/1.1[\r][\n]"
 >> "Accept: */*[\r][\n]"
 >> "Content-Type: application/x-www-form-urlencoded; charset=ISO-8859-1[\r][\n]"
 >> "Content-Length: 39[\r][\n]"
 >> "Host: utslogin.nlm.nih.gov[\r][\n]"
 >> "Connection: Keep-Alive[\r][\n]"
 >> "User-Agent: Apache-HttpClient/4.3.6 (java 1.5)[\r][\n]"
 >> "Accept-Encoding: gzip,deflate[\r][\n]"
 >> "[\r][\n]"
>> POST /cas/v1/tickets/TGT-620045-f3aOfsvunuMjyBgDkg5mpifdR2WZVEw6Kqxf4vfnTelrRCcgx3-cas HTTP/1.1
>> Accept: */*
>> Content-Type: application/x-www-form-urlencoded; charset=ISO-8859-1
>> Content-Length: 39
>> Host: utslogin.nlm.nih.gov
>> Connection: Keep-Alive
>> User-Agent: Apache-HttpClient/4.3.6 (java 1.5)
>> Accept-Encoding: gzip,deflate
 >> "service=http%3A%2F%2Fumlsks.nlm.nih.gov"
 << "HTTP/1.1 200 OK[\r][\n]"
 << "Date: Fri, 12 May 2017 13:20:21 GMT[\r][\n]"
 << "Accept-Ranges: bytes[\r][\n]"
 << "Server: Noelios-Restlet-Engine/1.1.10[\r][\n]"
 << "Content-Type: text/plain;charset=ISO-8859-1[\r][\n]"
 << "Content-Length: 35[\r][\n]"
 << "X-VIP-Info: 130.14.16.164:443[\r][\n]"
 << "X-Pool-Info: /Common/utslogin_p 10.1.5.113 8080[\r][\n]"
 << "Strict-Transport-Security: max-age=31536000; includeSubDomains; preload[\r][\n]"
 << "[\r][\n]"
Receiving response: HTTP/1.1 200 OK
<< HTTP/1.1 200 OK
<< Date: Fri, 12 May 2017 13:20:21 GMT
<< Accept-Ranges: bytes
<< Server: Noelios-Restlet-Engine/1.1.10
<< Content-Type: text/plain;charset=ISO-8859-1
<< Content-Length: 35
<< X-VIP-Info: 130.14.16.164:443
<< X-Pool-Info: /Common/utslogin_p 10.1.5.113 8080
<< Strict-Transport-Security: max-age=31536000; includeSubDomains; preload
Connection can be kept alive indefinitely
Parsing response as: text/plain;charset=ISO-8859-1
Parsed data to instance of: class org.apache.http.conn.EofSensorInputStream
 << "ST-2673672-b1D9mlPmFOdaGLJgWcJV-cas"
Releasing connection org.apache.http.impl.conn.ManagedClientConnectionImpl@35ecda82
Connection can be kept alive indefinitely
Get connection for route {s}->https://utslogin.nlm.nih.gov
Connecting to utslogin.nlm.nih.gov:443
CookieSpec selected: ignoreCookies
Auth cache not set in the context
Target auth state: UNCHALLENGED
Proxy auth state: UNCHALLENGED
Attempt 1 to execute request
Sending request: POST /cas/v1/tickets/TGT-620045-f3aOfsvunuMjyBgDkg5mpifdR2WZVEw6Kqxf4vfnTelrRCcgx3-cas HTTP/1.1
 >> "POST /cas/v1/tickets/TGT-620045-f3aOfsvunuMjyBgDkg5mpifdR2WZVEw6Kqxf4vfnTelrRCcgx3-cas HTTP/1.1[\r][\n]"
 >> "Accept: */*[\r][\n]"
 >> "Content-Type: application/x-www-form-urlencoded; charset=ISO-8859-1[\r][\n]"
 >> "Content-Length: 39[\r][\n]"
 >> "Host: utslogin.nlm.nih.gov[\r][\n]"
 >> "Connection: Keep-Alive[\r][\n]"
 >> "User-Agent: Apache-HttpClient/4.3.6 (java 1.5)[\r][\n]"
 >> "Accept-Encoding: gzip,deflate[\r][\n]"
 >> "[\r][\n]"
>> POST /cas/v1/tickets/TGT-620045-f3aOfsvunuMjyBgDkg5mpifdR2WZVEw6Kqxf4vfnTelrRCcgx3-cas HTTP/1.1
>> Accept: */*
>> Content-Type: application/x-www-form-urlencoded; charset=ISO-8859-1
>> Content-Length: 39
>> Host: utslogin.nlm.nih.gov
>> Connection: Keep-Alive
>> User-Agent: Apache-HttpClient/4.3.6 (java 1.5)
>> Accept-Encoding: gzip,deflate
 >> "service=http%3A%2F%2Fumlsks.nlm.nih.gov"
 << "HTTP/1.1 200 OK[\r][\n]"
 << "Date: Fri, 12 May 2017 13:20:22 GMT[\r][\n]"
 << "Accept-Ranges: bytes[\r][\n]"
 << "Server: Noelios-Restlet-Engine/1.1.10[\r][\n]"
 << "Content-Type: text/plain;charset=ISO-8859-1[\r][\n]"
 << "Content-Length: 35[\r][\n]"
 << "X-VIP-Info: 130.14.16.164:443[\r][\n]"
 << "X-Pool-Info: /Common/utslogin_p 10.1.5.113 8080[\r][\n]"
 << "Strict-Transport-Security: max-age=31536000; includeSubDomains; preload[\r][\n]"
 << "[\r][\n]"
Receiving response: HTTP/1.1 200 OK
<< HTTP/1.1 200 OK
<< Date: Fri, 12 May 2017 13:20:22 GMT
<< Accept-Ranges: bytes
<< Server: Noelios-Restlet-Engine/1.1.10
<< Content-Type: text/plain;charset=ISO-8859-1
<< Content-Length: 35
<< X-VIP-Info: 130.14.16.164:443
<< X-Pool-Info: /Common/utslogin_p 10.1.5.113 8080
<< Strict-Transport-Security: max-age=31536000; includeSubDomains; preload
Connection can be kept alive indefinitely
Parsing response as: text/plain;charset=ISO-8859-1
Parsed data to instance of: class org.apache.http.conn.EofSensorInputStream
 << "ST-2673673-HjScf9qKRbd5GYdaVFmq-cas"
Releasing connection org.apache.http.impl.conn.ManagedClientConnectionImpl@5dfb99b6
Connection can be kept alive indefinitely
Get connection for route {s}->https://utslogin.nlm.nih.gov
Connecting to utslogin.nlm.nih.gov:443
CookieSpec selected: ignoreCookies
Auth cache not set in the context
Target auth state: UNCHALLENGED
Proxy auth state: UNCHALLENGED
Attempt 1 to execute request
Sending request: POST /cas/v1/tickets/TGT-620045-f3aOfsvunuMjyBgDkg5mpifdR2WZVEw6Kqxf4vfnTelrRCcgx3-cas HTTP/1.1
 >> "POST /cas/v1/tickets/TGT-620045-f3aOfsvunuMjyBgDkg5mpifdR2WZVEw6Kqxf4vfnTelrRCcgx3-cas HTTP/1.1[\r][\n]"
 >> "Accept: */*[\r][\n]"
 >> "Content-Type: application/x-www-form-urlencoded; charset=ISO-8859-1[\r][\n]"
 >> "Content-Length: 39[\r][\n]"
 >> "Host: utslogin.nlm.nih.gov[\r][\n]"
 >> "Connection: Keep-Alive[\r][\n]"
 >> "User-Agent: Apache-HttpClient/4.3.6 (java 1.5)[\r][\n]"
 >> "Accept-Encoding: gzip,deflate[\r][\n]"
 >> "[\r][\n]"
>> POST /cas/v1/tickets/TGT-620045-f3aOfsvunuMjyBgDkg5mpifdR2WZVEw6Kqxf4vfnTelrRCcgx3-cas HTTP/1.1
>> Accept: */*
>> Content-Type: application/x-www-form-urlencoded; charset=ISO-8859-1
>> Content-Length: 39
>> Host: utslogin.nlm.nih.gov
>> Connection: Keep-Alive
>> User-Agent: Apache-HttpClient/4.3.6 (java 1.5)
>> Accept-Encoding: gzip,deflate
 >> "service=http%3A%2F%2Fumlsks.nlm.nih.gov"
 << "HTTP/1.1 200 OK[\r][\n]"
 << "Date: Fri, 12 May 2017 13:20:24 GMT[\r][\n]"
 << "Accept-Ranges: bytes[\r][\n]"
 << "Server: Noelios-Restlet-Engine/1.1.10[\r][\n]"
 << "Content-Type: text/plain;charset=ISO-8859-1[\r][\n]"
 << "Content-Length: 35[\r][\n]"
 << "X-VIP-Info: 130.14.16.164:443[\r][\n]"
 << "X-Pool-Info: /Common/utslogin_p 10.1.5.113 8080[\r][\n]"
 << "Strict-Transport-Security: max-age=31536000; includeSubDomains; preload[\r][\n]"
 << "[\r][\n]"
Receiving response: HTTP/1.1 200 OK
<< HTTP/1.1 200 OK
<< Date: Fri, 12 May 2017 13:20:24 GMT
<< Accept-Ranges: bytes
<< Server: Noelios-Restlet-Engine/1.1.10
<< Content-Type: text/plain;charset=ISO-8859-1
<< Content-Length: 35
<< X-VIP-Info: 130.14.16.164:443
<< X-Pool-Info: /Common/utslogin_p 10.1.5.113 8080
<< Strict-Transport-Security: max-age=31536000; includeSubDomains; preload
Connection can be kept alive indefinitely
Parsing response as: text/plain;charset=ISO-8859-1
Parsed data to instance of: class org.apache.http.conn.EofSensorInputStream
 << "ST-2673675-gJktnlVWYKbymZnjPdUZ-cas"
Releasing connection org.apache.http.impl.conn.ManagedClientConnectionImpl@7d8ad357
Connection can be kept alive indefinitely
Get connection for route {s}->https://utslogin.nlm.nih.gov
Connecting to utslogin.nlm.nih.gov:443
CookieSpec selected: ignoreCookies
Auth cache not set in the context
Target auth state: UNCHALLENGED
Proxy auth state: UNCHALLENGED
Attempt 1 to execute request
Sending request: POST /cas/v1/tickets/TGT-620045-f3aOfsvunuMjyBgDkg5mpifdR2WZVEw6Kqxf4vfnTelrRCcgx3-cas HTTP/1.1
 >> "POST /cas/v1/tickets/TGT-620045-f3aOfsvunuMjyBgDkg5mpifdR2WZVEw6Kqxf4vfnTelrRCcgx3-cas HTTP/1.1[\r][\n]"
 >> "Accept: */*[\r][\n]"
 >> "Content-Type: application/x-www-form-urlencoded; charset=ISO-8859-1[\r][\n]"
 >> "Content-Length: 39[\r][\n]"
 >> "Host: utslogin.nlm.nih.gov[\r][\n]"
 >> "Connection: Keep-Alive[\r][\n]"
 >> "User-Agent: Apache-HttpClient/4.3.6 (java 1.5)[\r][\n]"
 >> "Accept-Encoding: gzip,deflate[\r][\n]"
 >> "[\r][\n]"
>> POST /cas/v1/tickets/TGT-620045-f3aOfsvunuMjyBgDkg5mpifdR2WZVEw6Kqxf4vfnTelrRCcgx3-cas HTTP/1.1
>> Accept: */*
>> Content-Type: application/x-www-form-urlencoded; charset=ISO-8859-1
>> Content-Length: 39
>> Host: utslogin.nlm.nih.gov
>> Connection: Keep-Alive
>> User-Agent: Apache-HttpClient/4.3.6 (java 1.5)
>> Accept-Encoding: gzip,deflate
 >> "service=http%3A%2F%2Fumlsks.nlm.nih.gov"
 << "HTTP/1.1 200 OK[\r][\n]"
 << "Date: Fri, 12 May 2017 13:20:25 GMT[\r][\n]"
 << "Accept-Ranges: bytes[\r][\n]"
 << "Server: Noelios-Restlet-Engine/1.1.10[\r][\n]"
 << "Content-Type: text/plain;charset=ISO-8859-1[\r][\n]"
 << "Content-Length: 35[\r][\n]"
 << "X-VIP-Info: 130.14.16.164:443[\r][\n]"
 << "X-Pool-Info: /Common/utslogin_p 10.1.5.113 8080[\r][\n]"
 << "Strict-Transport-Security: max-age=31536000; includeSubDomains; preload[\r][\n]"
 << "[\r][\n]"
Receiving response: HTTP/1.1 200 OK
<< HTTP/1.1 200 OK
<< Date: Fri, 12 May 2017 13:20:25 GMT
<< Accept-Ranges: bytes
<< Server: Noelios-Restlet-Engine/1.1.10
<< Content-Type: text/plain;charset=ISO-8859-1
<< Content-Length: 35
<< X-VIP-Info: 130.14.16.164:443
<< X-Pool-Info: /Common/utslogin_p 10.1.5.113 8080
<< Strict-Transport-Security: max-age=31536000; includeSubDomains; preload
Connection can be kept alive indefinitely
Parsing response as: text/plain;charset=ISO-8859-1
Parsed data to instance of: class org.apache.http.conn.EofSensorInputStream
 << "ST-2673677-ST56ABWYW310xTKhnmCf-cas"
Releasing connection org.apache.http.impl.conn.ManagedClientConnectionImpl@5f3e2bfb
Connection can be kept alive indefinitely
Get connection for route {s}->https://utslogin.nlm.nih.gov
Connecting to utslogin.nlm.nih.gov:443
CookieSpec selected: ignoreCookies
Auth cache not set in the context
Target auth state: UNCHALLENGED
Proxy auth state: UNCHALLENGED
Attempt 1 to execute request
Sending request: POST /cas/v1/tickets/TGT-620045-f3aOfsvunuMjyBgDkg5mpifdR2WZVEw6Kqxf4vfnTelrRCcgx3-cas HTTP/1.1
 >> "POST /cas/v1/tickets/TGT-620045-f3aOfsvunuMjyBgDkg5mpifdR2WZVEw6Kqxf4vfnTelrRCcgx3-cas HTTP/1.1[\r][\n]"
 >> "Accept: */*[\r][\n]"
 >> "Content-Type: application/x-www-form-urlencoded; charset=ISO-8859-1[\r][\n]"
 >> "Content-Length: 39[\r][\n]"
 >> "Host: utslogin.nlm.nih.gov[\r][\n]"
 >> "Connection: Keep-Alive[\r][\n]"
 >> "User-Agent: Apache-HttpClient/4.3.6 (java 1.5)[\r][\n]"
 >> "Accept-Encoding: gzip,deflate[\r][\n]"
 >> "[\r][\n]"
>> POST /cas/v1/tickets/TGT-620045-f3aOfsvunuMjyBgDkg5mpifdR2WZVEw6Kqxf4vfnTelrRCcgx3-cas HTTP/1.1
>> Accept: */*
>> Content-Type: application/x-www-form-urlencoded; charset=ISO-8859-1
>> Content-Length: 39
>> Host: utslogin.nlm.nih.gov
>> Connection: Keep-Alive
>> User-Agent: Apache-HttpClient/4.3.6 (java 1.5)
>> Accept-Encoding: gzip,deflate
 >> "service=http%3A%2F%2Fumlsks.nlm.nih.gov"
 << "HTTP/1.1 200 OK[\r][\n]"
 << "Date: Fri, 12 May 2017 13:20:27 GMT[\r][\n]"
 << "Accept-Ranges: bytes[\r][\n]"
 << "Server: Noelios-Restlet-Engine/1.1.10[\r][\n]"
 << "Content-Type: text/plain;charset=ISO-8859-1[\r][\n]"
 << "Content-Length: 35[\r][\n]"
 << "X-VIP-Info: 130.14.16.164:443[\r][\n]"
 << "X-Pool-Info: /Common/utslogin_p 10.1.5.113 8080[\r][\n]"
 << "Strict-Transport-Security: max-age=31536000; includeSubDomains; preload[\r][\n]"
 << "[\r][\n]"
Receiving response: HTTP/1.1 200 OK
<< HTTP/1.1 200 OK
<< Date: Fri, 12 May 2017 13:20:27 GMT
<< Accept-Ranges: bytes
<< Server: Noelios-Restlet-Engine/1.1.10
<< Content-Type: text/plain;charset=ISO-8859-1
<< Content-Length: 35
<< X-VIP-Info: 130.14.16.164:443
<< X-Pool-Info: /Common/utslogin_p 10.1.5.113 8080
<< Strict-Transport-Security: max-age=31536000; includeSubDomains; preload
Connection can be kept alive indefinitely
Parsing response as: text/plain;charset=ISO-8859-1
Parsed data to instance of: class org.apache.http.conn.EofSensorInputStream
 << "ST-2673682-zUP3aoL1VllOjBe2ysDb-cas"
Releasing connection org.apache.http.impl.conn.ManagedClientConnectionImpl@8dfe971
Connection can be kept alive indefinitely
SelectChannelEndPoint@55ae0fb1{/127.0.0.1:54543<->9998,Open,in,out,R,-,21059/30000,HttpConnection}{io=1,kio=1,kro=1} idle timeout check, elapsed: 21059 ms, remaining: 8941 ms
SelectChannelEndPoint@55ae0fb1{/127.0.0.1:54543<->9998,Open,in,out,R,-,30002/30000,HttpConnection}{io=1,kio=1,kro=1} idle timeout check, elapsed: 30002 ms, remaining: -2 ms
SelectChannelEndPoint@55ae0fb1{/127.0.0.1:54543<->9998,Open,in,out,R,-,30002/30000,HttpConnection}{io=1,kio=1,kro=1} idle timeout expired
FILL_INTERESTED-->IDLE HttpConnection@6e218984[IDLE,SelectChannelEndPoint@55ae0fb1{/127.0.0.1:54543<->9998,Open,in,out,-,-,30005/30000,HttpConnection}{io=1,kio=1,kro=1}][p=HttpParser{s=START,0 of -1},g=HttpGenerator{s=START},c=HttpChannelOverHttp@5173d6e4{r=2,c=false,a=IDLE,uri=}]
close HttpParser{s=START,0 of -1}
START --> CLOSED
HttpConnection@6e218984[IDLE,SelectChannelEndPoint@55ae0fb1{/127.0.0.1:54543<->9998,Open,in,out,-,-,30006/30000,HttpConnection}{io=1,kio=1,kro=1}][p=HttpParser{s=CLOSED,0 of -1},g=HttpGenerator{s=START},c=HttpChannelOverHttp@5173d6e4{r=2,c=false,a=IDLE,uri=}] onFillInterestedFailed java.util.concurrent.TimeoutException: Idle timeout expired: 30002/30000 ms
oshut SelectChannelEndPoint@55ae0fb1{/127.0.0.1:54543<->9998,Open,in,out,-,-,30006/30000,HttpConnection}{io=1,kio=1,kro=1}
fillInterested HttpConnection@6e218984[IDLE,SelectChannelEndPoint@55ae0fb1{/127.0.0.1:54543<->9998,Open,in,OSHUT,-,-,30007/30000,HttpConnection}{io=1,kio=1,kro=1}][p=HttpParser{s=CLOSED,0 of -1},g=HttpGenerator{s=START},c=HttpChannelOverHttp@5173d6e4{r=2,c=false,a=IDLE,uri=}]
IDLE-->FILL_INTERESTED HttpConnection@6e218984[FILL_INTERESTED,SelectChannelEndPoint@55ae0fb1{/127.0.0.1:54543<->9998,Open,in,OSHUT,-,-,30008/30000,HttpConnection}{io=1,kio=1,kro=1}][p=HttpParser{s=CLOSED,0 of -1},g=HttpGenerator{s=START},c=HttpChannelOverHttp@5173d6e4{r=2,c=false,a=IDLE,uri=}]
Ignoring local interests update 1 -> 1 for SelectChannelEndPoint@55ae0fb1{/127.0.0.1:54543<->9998,Open,in,OSHUT,R,-,0/30000,HttpConnection}{io=1,kio=1,kro=1}
ignored: WriteFlusher@79041c77{IDLE} java.util.concurrent.TimeoutException: Idle timeout expired: 30002/30000 ms
Ignored idle endpoint SelectChannelEndPoint@55ae0fb1{/127.0.0.1:54543<->9998,Open,in,OSHUT,R,-,1/30000,HttpConnection}{io=1,kio=1,kro=1}
Connection 0.0.0.0:54546<->130.14.16.164:443 closed
Connection 0.0.0.0:54547<->130.14.16.164:443 closed
Connection 0.0.0.0:54548<->130.14.16.164:443 closed
Connection 0.0.0.0:54550<->130.14.16.164:443 closed
Connection 0.0.0.0:54551<->130.14.16.164:443 closed
Connection 0.0.0.0:54552<->130.14.16.164:443 closed
Connection 0.0.0.0:54553<->130.14.16.164:443 closed
Connection 0.0.0.0:54554<->130.14.16.164:443 closed
Connection 0.0.0.0:54555<->130.14.16.164:443 closed
Connection 0.0.0.0:54556<->130.14.16.164:443 closed
Selector loop woken up from select, 1/1 selected
Key interests updated 1 -> 0 on SelectChannelEndPoint@55ae0fb1{/127.0.0.1:54543<->9998,Open,in,OSHUT,R,-,8413/30000,HttpConnection}{io=1,kio=0,kro=1}
Local interests updating 1 -> 0 for SelectChannelEndPoint@55ae0fb1{/127.0.0.1:54543<->9998,Open,in,OSHUT,R,-,8414/30000,HttpConnection}{io=0,kio=0,kro=1}
Queued change org.eclipse.jetty.io.SelectChannelEndPoint$1@24fc99d4
FILL_INTERESTED-->FILLING HttpConnection@6e218984[FILLING,SelectChannelEndPoint@55ae0fb1{/127.0.0.1:54543<->9998,Open,in,OSHUT,-,-,8414/30000,HttpConnection}{io=0,kio=0,kro=1}][p=HttpParser{s=CLOSED,0 of -1},g=HttpGenerator{s=START},c=HttpChannelOverHttp@5173d6e4{r=2,c=false,a=IDLE,uri=}]
Running change org.eclipse.jetty.io.SelectChannelEndPoint$1@24fc99d4
Selector loop waiting on select
Queued change org.eclipse.jetty.io.SelectorManager$ManagedSelector$Accept@677e7be2
HttpConnection@6e218984[FILLING,SelectChannelEndPoint@55ae0fb1{/127.0.0.1:54543<->9998,Open,in,OSHUT,-,-,8418/30000,HttpConnection}{io=0,kio=0,kro=1}][p=HttpParser{s=CLOSED,0 of -1},g=HttpGenerator{s=START},c=HttpChannelOverHttp@5173d6e4{r=2,c=false,a=IDLE,uri=}] onFillable HttpChannelState@4fab0975{s=IDLE i=true a=null}
filled -1 SelectChannelEndPoint@55ae0fb1{/127.0.0.1:54543<->9998,Open,in,OSHUT,-,-,8418/30000,HttpConnection}{io=0,kio=0,kro=1}
ishut SelectChannelEndPoint@55ae0fb1{/127.0.0.1:54543<->9998,Open,in,OSHUT,-,-,8418/30000,HttpConnection}{io=0,kio=0,kro=1}
onClose SelectChannelEndPoint@55ae0fb1{/127.0.0.1:54543<->9998,CLOSED,ISHUT,OSHUT,-,-,8419/30000,HttpConnection}{io=0,kio=0,kro=1}
close SelectChannelEndPoint@55ae0fb1{/127.0.0.1:54543<->9998,CLOSED,ISHUT,OSHUT,-,-,8419/30000,HttpConnection}{io=0,kio=0,kro=1}
Destroyed SelectChannelEndPoint@55ae0fb1{/127.0.0.1:54543<->9998,CLOSED,ISHUT,OSHUT,-,-,8419/30000,HttpConnection}{io=0,kio=-1,kro=-1}
onClose HttpConnection@6e218984[FILLING,SelectChannelEndPoint@55ae0fb1{/127.0.0.1:54543<->9998,CLOSED,ISHUT,OSHUT,-,-,8419/30000,HttpConnection}{io=0,kio=-1,kro=-1}][p=HttpParser{s=CLOSED,0 of -1},g=HttpGenerator{s=START},c=HttpChannelOverHttp@5173d6e4{r=2,c=false,a=IDLE,uri=}]
onClose SelectChannelEndPoint@55ae0fb1{/127.0.0.1:54543<->9998,CLOSED,ISHUT,OSHUT,-,-,8420/30000,HttpConnection}{io=0,kio=-1,kro=-1}
atEOF HttpParser{s=CLOSED,0 of -1}
parseNext s=CLOSED HeapByteBuffer@6890032d[p=0,l=0,c=8192,r=0]={<<<>>>GET /annoService/...\x00\x00\x00\x00\x00\x00\x00\x00\x00\x00\x00\x00\x00\x00\x00}
FILLING-->IDLE HttpConnection@6e218984[IDLE,SelectChannelEndPoint@55ae0fb1{/127.0.0.1:54543<->9998,CLOSED,ISHUT,OSHUT,-,-,8420/30000,HttpConnection}{io=0,kio=-1,kro=-1}][p=HttpParser{s=CLOSED,0 of -1},g=HttpGenerator{s=START},c=HttpChannelOverHttp@5173d6e4{r=2,c=false,a=IDLE,uri=}]
Selector loop woken up from select, 0/0 selected
Running change org.eclipse.jetty.io.SelectorManager$ManagedSelector$Accept@677e7be2
onOpen SelectChannelEndPoint@49f5c36a{/127.0.0.1:54560<->9998,Open,in,out,-,-,0/30000,null}{io=0,kio=0,kro=0}
SelectChannelEndPoint@49f5c36a{/127.0.0.1:54560<->9998,Open,in,out,-,-,0/30000,null}{io=0,kio=0,kro=0} idle timeout check, elapsed: 0 ms, remaining: 30000 ms
new HttpChannelOverHttp@4dca5e8c{r=0,c=false,a=IDLE,uri=} -> SelectChannelEndPoint@49f5c36a{/127.0.0.1:54560<->9998,Open,in,out,-,-,1/30000,null}{io=0,kio=0,kro=0},null,HttpChannelState@8c8c951{s=IDLE i=true a=null}
New HTTP Connection HttpConnection@5e839061[IDLE,SelectChannelEndPoint@49f5c36a{/127.0.0.1:54560<->9998,Open,in,out,-,-,1/30000,null}{io=0,kio=0,kro=0}][p=HttpParser{s=START,0 of 0},g=HttpGenerator{s=START},c=HttpChannelOverHttp@4dca5e8c{r=0,c=false,a=IDLE,uri=}]
onOpen HttpConnection@5e839061[IDLE,SelectChannelEndPoint@49f5c36a{/127.0.0.1:54560<->9998,Open,in,out,-,-,1/30000,HttpConnection}{io=0,kio=0,kro=0}][p=HttpParser{s=START,0 of 0},g=HttpGenerator{s=START},c=HttpChannelOverHttp@4dca5e8c{r=0,c=false,a=IDLE,uri=}]
fillInterested HttpConnection@5e839061[IDLE,SelectChannelEndPoint@49f5c36a{/127.0.0.1:54560<->9998,Open,in,out,-,-,1/30000,HttpConnection}{io=0,kio=0,kro=0}][p=HttpParser{s=START,0 of 0},g=HttpGenerator{s=START},c=HttpChannelOverHttp@4dca5e8c{r=0,c=false,a=IDLE,uri=}]
IDLE-->FILL_INTERESTED HttpConnection@5e839061[FILL_INTERESTED,SelectChannelEndPoint@49f5c36a{/127.0.0.1:54560<->9998,Open,in,out,-,-,2/30000,HttpConnection}{io=0,kio=0,kro=0}][p=HttpParser{s=START,0 of 0},g=HttpGenerator{s=START},c=HttpChannelOverHttp@4dca5e8c{r=0,c=false,a=IDLE,uri=}]
Local interests updating 0 -> 1 for SelectChannelEndPoint@49f5c36a{/127.0.0.1:54560<->9998,Open,in,out,R,-,0/30000,HttpConnection}{io=1,kio=0,kro=0}
Queued change org.eclipse.jetty.io.SelectChannelEndPoint$1@390ae648
Created SelectChannelEndPoint@49f5c36a{/127.0.0.1:54560<->9998,Open,in,out,R,-,0/30000,HttpConnection}{io=1,kio=0,kro=0}
Running change org.eclipse.jetty.io.SelectChannelEndPoint$1@390ae648
Key interests updated 0 -> 1 on SelectChannelEndPoint@49f5c36a{/127.0.0.1:54560<->9998,Open,in,out,R,-,1/30000,HttpConnection}{io=1,kio=1,kro=0}
Selector loop waiting on select
Selector loop woken up from select, 1/1 selected
Key interests updated 1 -> 0 on SelectChannelEndPoint@49f5c36a{/127.0.0.1:54560<->9998,Open,in,out,R,-,1/30000,HttpConnection}{io=1,kio=0,kro=1}
Local interests updating 1 -> 0 for SelectChannelEndPoint@49f5c36a{/127.0.0.1:54560<->9998,Open,in,out,R,-,1/30000,HttpConnection}{io=0,kio=0,kro=1}
Queued change org.eclipse.jetty.io.SelectChannelEndPoint$1@390ae648
FILL_INTERESTED-->FILLING HttpConnection@5e839061[FILLING,SelectChannelEndPoint@49f5c36a{/127.0.0.1:54560<->9998,Open,in,out,-,-,1/30000,HttpConnection}{io=0,kio=0,kro=1}][p=HttpParser{s=START,0 of 0},g=HttpGenerator{s=START},c=HttpChannelOverHttp@4dca5e8c{r=0,c=false,a=IDLE,uri=}]
Running change org.eclipse.jetty.io.SelectChannelEndPoint$1@390ae648
Selector loop waiting on select
HttpConnection@5e839061[FILLING,SelectChannelEndPoint@49f5c36a{/127.0.0.1:54560<->9998,Open,in,out,-,-,4/30000,HttpConnection}{io=0,kio=0,kro=1}][p=HttpParser{s=START,0 of 0},g=HttpGenerator{s=START},c=HttpChannelOverHttp@4dca5e8c{r=0,c=false,a=IDLE,uri=}] onFillable HttpChannelState@8c8c951{s=IDLE i=true a=null}
filled 505 SelectChannelEndPoint@49f5c36a{/127.0.0.1:54560<->9998,Open,in,out,-,-,5/30000,HttpConnection}{io=0,kio=0,kro=1}
parseNext s=START HeapByteBuffer@6f0a3ebf[p=0,l=505,c=8192,r=505]={<<<GET /annoService/...zh-TW;q=0.6\r\n\r\n>>>\x00\x00\x00\x00\x00\x00\x00\x00\x00\x00\x00\x00\x00\x00\x00\x00\x00...\x00\x00\x00\x00\x00\x00\x00\x00\x00\x00\x00\x00\x00\x00\x00}
START --> SPACE1
SPACE1 --> URI
URI --> SPACE2
SPACE2 --> REQUEST_VERSION
REQUEST_VERSION --> HEADER
HEADER --> HEADER_VALUE
HEADER_VALUE --> HEADER_IN_VALUE
HEADER_IN_VALUE --> HEADER
HEADER --> HEADER_IN_VALUE
HEADER_IN_VALUE --> HEADER
HEADER --> HEADER_IN_VALUE
HEADER_IN_VALUE --> HEADER
HEADER --> HEADER_VALUE
HEADER_VALUE --> HEADER_IN_VALUE
HEADER_IN_VALUE --> HEADER
HEADER --> HEADER_IN_NAME
HEADER_IN_NAME --> HEADER_VALUE
HEADER_VALUE --> HEADER_IN_VALUE
HEADER_IN_VALUE --> HEADER
HEADER --> HEADER_IN_VALUE
HEADER_IN_VALUE --> HEADER
HEADER --> HEADER_IN_VALUE
HEADER_IN_VALUE --> HEADER
HEADER --> HEADER_VALUE
HEADER_VALUE --> HEADER_IN_VALUE
HEADER_IN_VALUE --> HEADER
HEADER --> END
HttpChannelOverHttp@4dca5e8c{r=1,c=false,a=IDLE,uri=/annoService/query?text=A%20few%20people%20have%20the%20obstructive%20sleep%20apnea&semGroup=Chemicals+%26+Drugs%2CDisorders&language=JPN} messageComplete
HttpInputOverHTTP@32463f18 EOF
HttpChannelOverHttp@4dca5e8c{r=1,c=false,a=IDLE,uri=/annoService/query?text=A%20few%20people%20have%20the%20obstructive%20sleep%20apnea&semGroup=Chemicals+%26+Drugs%2CDisorders&language=JPN} handle enter
HttpChannelState@8c8c951{s=IDLE i=true a=null} handling IDLE
HttpChannelOverHttp@4dca5e8c{r=1,c=false,a=DISPATCHED,uri=/annoService/query?text=A%20few%20people%20have%20the%20obstructive%20sleep%20apnea&semGroup=Chemicals+%26+Drugs%2CDisorders&language=JPN} action REQUEST_DISPATCH
REQUEST GET /annoService/query on HttpChannelOverHttp@4dca5e8c{r=1,c=false,a=DISPATCHED,uri=/annoService/query?text=A%20few%20people%20have%20the%20obstructive%20sleep%20apnea&semGroup=Chemicals+%26+Drugs%2CDisorders&language=JPN}
Detected type system at [file:/C:/Users/Administrator/workspace/BioMedAnalysis_REST/bin/desc/BMBasicTypeLite.xml]
DataBinder requires binding of required fields [language,semGroup]
Get connection for route {s}->https://uts-ws.nlm.nih.gov
Get connection for route {s}->https://utslogin.nlm.nih.gov
Connecting to uts-ws.nlm.nih.gov:443
Connecting to utslogin.nlm.nih.gov:443
CookieSpec selected: ignoreCookies
Auth cache not set in the context
Target auth state: UNCHALLENGED
Proxy auth state: UNCHALLENGED
Attempt 1 to execute request
Sending request: GET /rest/content/current/CUI/C0520679/atoms?ticket=ST-2673665-JLbAcDV9WvoueIyLDEzQ-cas&language=JPN&pageSize=1000&pageNumber=1 HTTP/1.1
 >> "GET /rest/content/current/CUI/C0520679/atoms?ticket=ST-2673665-JLbAcDV9WvoueIyLDEzQ-cas&language=JPN&pageSize=1000&pageNumber=1 HTTP/1.1[\r][\n]"
 >> "Accept: */*[\r][\n]"
 >> "Host: uts-ws.nlm.nih.gov[\r][\n]"
 >> "Connection: Keep-Alive[\r][\n]"
 >> "User-Agent: Apache-HttpClient/4.3.6 (java 1.5)[\r][\n]"
 >> "Accept-Encoding: gzip,deflate[\r][\n]"
 >> "[\r][\n]"
>> GET /rest/content/current/CUI/C0520679/atoms?ticket=ST-2673665-JLbAcDV9WvoueIyLDEzQ-cas&language=JPN&pageSize=1000&pageNumber=1 HTTP/1.1
>> Accept: */*
>> Host: uts-ws.nlm.nih.gov
>> Connection: Keep-Alive
>> User-Agent: Apache-HttpClient/4.3.6 (java 1.5)
>> Accept-Encoding: gzip,deflate
CookieSpec selected: ignoreCookies
Auth cache not set in the context
Target auth state: UNCHALLENGED
Proxy auth state: UNCHALLENGED
Attempt 1 to execute request
Sending request: POST /cas/v1/tickets/TGT-620045-f3aOfsvunuMjyBgDkg5mpifdR2WZVEw6Kqxf4vfnTelrRCcgx3-cas HTTP/1.1
 >> "POST /cas/v1/tickets/TGT-620045-f3aOfsvunuMjyBgDkg5mpifdR2WZVEw6Kqxf4vfnTelrRCcgx3-cas HTTP/1.1[\r][\n]"
 >> "Accept: */*[\r][\n]"
 >> "Content-Type: application/x-www-form-urlencoded; charset=ISO-8859-1[\r][\n]"
 >> "Content-Length: 39[\r][\n]"
 >> "Host: utslogin.nlm.nih.gov[\r][\n]"
 >> "Connection: Keep-Alive[\r][\n]"
 >> "User-Agent: Apache-HttpClient/4.3.6 (java 1.5)[\r][\n]"
 >> "Accept-Encoding: gzip,deflate[\r][\n]"
 >> "[\r][\n]"
>> POST /cas/v1/tickets/TGT-620045-f3aOfsvunuMjyBgDkg5mpifdR2WZVEw6Kqxf4vfnTelrRCcgx3-cas HTTP/1.1
>> Accept: */*
>> Content-Type: application/x-www-form-urlencoded; charset=ISO-8859-1
>> Content-Length: 39
>> Host: utslogin.nlm.nih.gov
>> Connection: Keep-Alive
>> User-Agent: Apache-HttpClient/4.3.6 (java 1.5)
>> Accept-Encoding: gzip,deflate
 >> "service=http%3A%2F%2Fumlsks.nlm.nih.gov"
 << "HTTP/1.1 200 OK[\r][\n]"
 << "Date: Fri, 12 May 2017 13:20:57 GMT[\r][\n]"
 << "Accept-Ranges: bytes[\r][\n]"
 << "Server: Noelios-Restlet-Engine/1.1.10[\r][\n]"
 << "Content-Type: text/plain;charset=ISO-8859-1[\r][\n]"
 << "Content-Length: 35[\r][\n]"
 << "X-VIP-Info: 130.14.16.164:443[\r][\n]"
 << "X-Pool-Info: /Common/utslogin_p 10.1.5.113 8080[\r][\n]"
 << "Strict-Transport-Security: max-age=31536000; includeSubDomains; preload[\r][\n]"
 << "[\r][\n]"
Receiving response: HTTP/1.1 200 OK
<< HTTP/1.1 200 OK
<< Date: Fri, 12 May 2017 13:20:57 GMT
<< Accept-Ranges: bytes
<< Server: Noelios-Restlet-Engine/1.1.10
<< Content-Type: text/plain;charset=ISO-8859-1
<< Content-Length: 35
<< X-VIP-Info: 130.14.16.164:443
<< X-Pool-Info: /Common/utslogin_p 10.1.5.113 8080
<< Strict-Transport-Security: max-age=31536000; includeSubDomains; preload
Connection can be kept alive indefinitely
Parsing response as: text/plain;charset=ISO-8859-1
Parsed data to instance of: class org.apache.http.conn.EofSensorInputStream
 << "ST-2673689-EfsKT55q90GyAajGckgN-cas"
Releasing connection org.apache.http.impl.conn.ManagedClientConnectionImpl@469c8221
Connection can be kept alive indefinitely
 << "HTTP/1.1 200 OK[\r][\n]"
 << "Server: Apache-Coyote/1.1[\r][\n]"
 << "Access-Control-Allow-Origin: *[\r][\n]"
 << "Access-Control-Allow-Methods: GET, POST, PUT, DELETE[\r][\n]"
 << "Access-Control-Allow-Headers: Content-Type[\r][\n]"
 << "Access-Control-Max-Age: 1800[\r][\n]"
 << "Set-Cookie: JSESSIONID=F4CCDBA7698E9F3EBBA6D3AF4CFD03E8; Path=/; Secure; HttpOnly[\r][\n]"
 << "Content-Type: application/json;charset=UTF-8[\r][\n]"
 << "Transfer-Encoding: chunked[\r][\n]"
 << "Date: Fri, 12 May 2017 13:20:57 GMT[\r][\n]"
 << "X-VIP-Info: 130.14.16.165:443[\r][\n]"
 << "X-Pool-Info: /Common/utsws_p 10.1.5.6 8080[\r][\n]"
 << "Strict-Transport-Security: max-age=31536000; includeSubDomains; preload[\r][\n]"
 << "[\r][\n]"
Receiving response: HTTP/1.1 200 OK
<< HTTP/1.1 200 OK
<< Server: Apache-Coyote/1.1
<< Access-Control-Allow-Origin: *
<< Access-Control-Allow-Methods: GET, POST, PUT, DELETE
<< Access-Control-Allow-Headers: Content-Type
<< Access-Control-Max-Age: 1800
<< Set-Cookie: JSESSIONID=F4CCDBA7698E9F3EBBA6D3AF4CFD03E8; Path=/; Secure; HttpOnly
<< Content-Type: application/json;charset=UTF-8
<< Transfer-Encoding: chunked
<< Date: Fri, 12 May 2017 13:20:57 GMT
<< X-VIP-Info: 130.14.16.165:443
<< X-Pool-Info: /Common/utsws_p 10.1.5.6 8080
<< Strict-Transport-Security: max-age=31536000; includeSubDomains; preload
Connection can be kept alive indefinitely
Parsing response as: application/json;charset=UTF-8
Parsed data to instance of: class org.apache.http.conn.EofSensorInputStream
 << "2db[\r][\n]"
 << "{"pageSize":1000,"pageNumber":1,"pageCount":1,"result":[{"classType":"Atom","ui":"A15734031","suppressible":"false","obsolete":"false","rootSource":"MSHJPN","termType":"SY","code":"https://uts-ws.nlm.nih.gov/rest/content/2017AA/source/MSHJPN/D020181","concept":"https://uts-ws.nlm.nih.gov/rest/content/2017AA/CUI/C0520679","sourceConcept":"https://uts-ws.nlm.nih.gov/rest/content/2017AA/source/MSHJPN/M0328295","sourceDescriptor":"https://uts-ws.nlm.nih.gov/rest/content/2017AA/source/MSHJPN/D020181","attributes":"NONE","parents":"NONE","ancestors":null,"children":"NONE","descendants":null,"relations":"NONE","definitions":"NONE","name":"[0xe4][0xb8][0x8a][0xe6][0xb0][0x97][0xe9][0x81][0x93][0xe6][0x8a][0xb5][0xe6][0x8a][0x97][0xe6][0x80][0xa7][0xe7][0x9d][0xa1][0xe7][0x9c][0xa0][0xe6][0x99][0x82][0xe7][0x84][0xa1][0xe5][0x91][0xbc][0xe5][0x90][0xb8][0xe7][0x97][0x87][0xe5][0x80][0x99][0xe7][0xbe][0xa4]","language":"JPN","contentViewMemberships":[]"
 << "[\r][\n]"
 << "295[\r][\n]"
 << "},{"classType":"Atom","ui":"A15716206","suppressible":"false","obsolete":"false","rootSource":"MSHJPN","termType":"SY","code":"https://uts-ws.nlm.nih.gov/rest/content/2017AA/source/MSHJPN/D020181","concept":"https://uts-ws.nlm.nih.gov/rest/content/2017AA/CUI/C0520679","sourceConcept":"https://uts-ws.nlm.nih.gov/rest/content/2017AA/source/MSHJPN/M0328295","sourceDescriptor":"https://uts-ws.nlm.nih.gov/rest/content/2017AA/source/MSHJPN/D020181","attributes":"NONE","parents":"NONE","ancestors":null,"children":"NONE","descendants":null,"relations":"NONE","definitions":"NONE","name":"[0xe7][0x84][0xa1][0xe5][0x91][0xbc][0xe5][0x90][0xb8]-[0xe7][0x9d][0xa1][0xe7][0x9c][0xa0][0xe6][0x99][0x82]-[0xe9][0x96][0x89][0xe5][0xa1][0x9e][0xe6][0x80][0xa7]","language":"JPN","contentViewMemberships":[]"
 << "[\r][\n]"
 << "28b[\r][\n]"
 << "},{"classType":"Atom","ui":"A15734030","suppressible":"false","obsolete":"false","rootSource":"MSHJPN","termType":"SY","code":"https://uts-ws.nlm.nih.gov/rest/content/2017AA/source/MSHJPN/D020181","concept":"https://uts-ws.nlm.nih.gov/rest/content/2017AA/CUI/C0520679","sourceConcept":"https://uts-ws.nlm.nih.gov/rest/content/2017AA/source/MSHJPN/M0328295","sourceDescriptor":"https://uts-ws.nlm.nih.gov/rest/content/2017AA/source/MSHJPN/D020181","attributes":"NONE","parents":"NONE","ancestors":null,"children":"NONE","descendants":null,"relations":"NONE","definitions":"NONE","name":"[0xe7][0x84][0xa1][0xe5][0x91][0xbc][0xe5][0x90][0xb8]-[0xe9][0x96][0x89][0xe5][0xa1][0x9e][0xe5][0x9e][0x8b]","language":"JPN","contentViewMemberships":[]"
 << "[\r][\n]"
 << "294[\r][\n]"
 << "},{"classType":"Atom","ui":"A15672465","suppressible":"false","obsolete":"false","rootSource":"MSHJPN","termType":"PT","code":"https://uts-ws.nlm.nih.gov/rest/content/2017AA/source/MSHJPN/D020181","concept":"https://uts-ws.nlm.nih.gov/rest/content/2017AA/CUI/C0520679","sourceConcept":"https://uts-ws.nlm.nih.gov/rest/content/2017AA/source/MSHJPN/M0328295","sourceDescriptor":"https://uts-ws.nlm.nih.gov/rest/content/2017AA/source/MSHJPN/D020181","attributes":"NONE","parents":"NONE","ancestors":null,"children":"NONE","descendants":null,"relations":"NONE","definitions":"NONE","name":"[0xe7][0x9d][0xa1][0xe7][0x9c][0xa0][0xe6][0x99][0x82][0xe7][0x84][0xa1][0xe5][0x91][0xbc][0xe5][0x90][0xb8]-[0xe9][0x96][0x89][0xe5][0xa1][0x9e][0xe6][0x80][0xa7]","language":"JPN","contentViewMemberships":[]"
 << "[\r][\n]"
 << "2a6[\r][\n]"
 << "},{"classType":"Atom","ui":"A15672466","suppressible":"false","obsolete":"false","rootSource":"MSHJPN","termType":"SY","code":"https://uts-ws.nlm.nih.gov/rest/content/2017AA/source/MSHJPN/D020181","concept":"https://uts-ws.nlm.nih.gov/rest/content/2017AA/CUI/C0520679","sourceConcept":"https://uts-ws.nlm.nih.gov/rest/content/2017AA/source/MSHJPN/M0328295","sourceDescriptor":"https://uts-ws.nlm.nih.gov/rest/content/2017AA/source/MSHJPN/D020181","attributes":"NONE","parents":"NONE","ancestors":null,"children":"NONE","descendants":null,"relations":"NONE","definitions":"NONE","name":"[0xe7][0x9d][0xa1][0xe7][0x9c][0xa0][0xe6][0x99][0x82][0xe7][0x84][0xa1][0xe5][0x91][0xbc][0xe5][0x90][0xb8][0xe7][0x97][0x87][0xe5][0x80][0x99][0xe7][0xbe][0xa4]-[0xe4][0xb8][0x8a][0xe6][0xb0][0x97][0xe9][0x81][0x93][0xe6][0x8a][0xb5][0xe6][0x8a][0x97][0xe6][0x80][0xa7]","language":"JPN","contentViewMemberships":[]"
 << "[\r][\n]"
 << "28a[\r][\n]"
 << "},{"classType":"Atom","ui":"A15725026","suppressible":"false","obsolete":"false","rootSource":"MSHJPN","termType":"SY","code":"https://uts-ws.nlm.nih.gov/rest/content/2017AA/source/MSHJPN/D020181","concept":"https://uts-ws.nlm.nih.gov/rest/content/2017AA/CUI/C0520679","sourceConcept":"https://uts-ws.nlm.nih.gov/rest/content/2017AA/source/MSHJPN/M0328295","sourceDescriptor":"https://uts-ws.nlm.nih.gov/rest/content/2017AA/source/MSHJPN/D020181","attributes":"NONE","parents":"NONE","ancestors":null,"children":"NONE","descendants":null,"relations":"NONE","definitions":"NONE","name":"[0xe9][0x96][0x89][0xe5][0xa1][0x9e][0xe5][0x9e][0x8b][0xe7][0x84][0xa1][0xe5][0x91][0xbc][0xe5][0x90][0xb8]","language":"JPN","contentViewMemberships":[]"
 << "[\r][\n]"
 << "293[\r][\n]"
 << "},{"classType":"Atom","ui":"A15698643","suppressible":"false","obsolete":"false","rootSource":"MSHJPN","termType":"SY","code":"https://uts-ws.nlm.nih.gov/rest/content/2017AA/source/MSHJPN/D020181","concept":"https://uts-ws.nlm.nih.gov/rest/content/2017AA/CUI/C0520679","sourceConcept":"https://uts-ws.nlm.nih.gov/rest/content/2017AA/source/MSHJPN/M0328295","sourceDescriptor":"https://uts-ws.nlm.nih.gov/rest/content/2017AA/source/MSHJPN/D020181","attributes":"NONE","parents":"NONE","ancestors":null,"children":"NONE","descendants":null,"relations":"NONE","definitions":"NONE","name":"[0xe9][0x96][0x89][0xe5][0xa1][0x9e][0xe5][0x9e][0x8b][0xe7][0x9d][0xa1][0xe7][0x9c][0xa0][0xe6][0x99][0x82][0xe7][0x84][0xa1][0xe5][0x91][0xbc][0xe5][0x90][0xb8]","language":"JPN","contentViewMemberships":[]"
 << "[\r][\n]"
 << "29c[\r][\n]"
 << "},{"classType":"Atom","ui":"A15681143""
 << ","suppressible":"false","obsolete":"false","rootSource":"MSHJPN","termType":"SY","code":"https://uts-ws.nlm.nih.gov/rest/content/2017AA/source/MSHJPN/D020181","concept":"https://uts-ws.nlm.nih.gov/rest/content/2017AA/CUI/C0520679","sourceConcept":"https://uts-ws.nlm.nih.gov/rest/content/2017AA/source/MSHJPN/M0328295","sourceDescriptor":"https://uts-ws.nlm.nih.gov/rest/content/2017AA/source/MSHJPN/D020181","attributes":"NONE","parents":"NONE","ancestors":null,"children":"NONE","descendants":null,"relations":"NONE","definitions":"NONE","name":"[0xe9][0x96][0x89][0xe5][0xa1][0x9e][0xe5][0x9e][0x8b][0xe7][0x9d][0xa1][0xe7][0x9c][0xa0][0xe6][0x99][0x82][0xe7][0x84][0xa1][0xe5][0x91][0xbc][0xe5][0x90][0xb8][0xe7][0x97][0x87][0xe5][0x80][0x99][0xe7][0xbe][0xa4]","language":"JPN","contentViewMemberships":[]"
 << "[\r][\n]"
 << "293[\r][\n]"
 << "},{"classType":"Atom","ui":"A15725027","suppressible":"false","obsolete":"false","rootSource":"MSHJPN","termType":"SY","code":"https://uts-ws.nlm.nih.gov/rest/content/2017AA/source/MSHJPN/D020181","concept":"https://uts-ws.nlm.nih.gov/rest/content/2017AA/CUI/C0520679","sourceConcept":"https://uts-ws.nlm.nih.gov/rest/content/2017AA/source/MSHJPN/M0328295","sourceDescriptor":"https://uts-ws.nlm.nih.gov/rest/content/2017AA/source/MSHJPN/D020181","attributes":"NONE","parents":"NONE","ancestors":null,"children":"NONE","descendants":null,"relations":"NONE","definitions":"NONE","name":"[0xe9][0x96][0x89][0xe5][0xa1][0x9e][0xe6][0x80][0xa7][0xe7][0x9d][0xa1][0xe7][0x9c][0xa0][0xe6][0x99][0x82][0xe7][0x84][0xa1][0xe5][0x91][0xbc][0xe5][0x90][0xb8]","language":"JPN","contentViewMemberships":[]"
 << "[\r][\n]"
 << "2a5[\r][\n]"
 << "},{"classType":"Atom","ui":"A15689920","suppressible":"false",""
 << "obsolete":"false","rootSource":"MSHJPN","termType":"SY","code":"https://uts-ws.nlm.nih.gov/rest/content/2017AA/source/MSHJPN/D020181","concept":"https://uts-ws.nlm.nih.gov/rest/content/2017AA/CUI/C0520679","sourceConcept":"https://uts-ws.nlm.nih.gov/rest/content/2017AA/source/MSHJPN/M0328295","sourceDescriptor":"https://uts-ws.nlm.nih.gov/rest/content/2017AA/source/MSHJPN/D020181","attributes":"NONE","parents":"NONE","ancestors":null,"children":"NONE","descendants":null,"relations":"NONE","definitions":"NONE","name":"[0xe9][0x96][0x89][0xe5][0xa1][0x9e][0xe6][0x80][0xa7][0xe7][0x9d][0xa1][0xe7][0x9c][0xa0][0xe6][0x99][0x82][0xe7][0x84][0xa1][0xe5][0x91][0xbc][0xe5][0x90][0xb8][0xe4][0xbd][0x8e][0xe5][0x91][0xbc][0xe5][0x90][0xb8][0xe7][0x97][0x87][0xe5][0x80][0x99][0xe7][0xbe][0xa4]","language":"JPN","contentViewMemberships":[]"
 << "[\r][\n]"
 << "29c[\r][\n]"
 << "},{"classType":"Atom","ui":"A15725028","suppressible":"false","obsolete":"false","rootSource":"MSHJPN","termType":"SY","code":"https://uts-ws.nlm.nih.gov/rest/content/2017AA/source/MSHJPN/D020181","concept":"https://uts-ws.nlm.nih.gov/rest/content/2017AA/CUI/C0520679","sourceConcept":"https://uts-ws.nlm.nih.gov/rest/content/2017AA/source/MSHJPN/M0328295","sourceDescriptor":"https://uts-ws.nlm.nih.gov/rest/content/2017AA/source/MSHJPN/D020181","attributes":"NONE","parents":"NONE","ancestors":null,"children":"NONE","descendants":null,"relations":"NONE","definitions":"NONE","name":"[0xe9][0x96][0x89][0xe5][0xa1][0x9e][0xe6][0x80][0xa7][0xe7][0x9d][0xa1][0xe7][0x9c][0xa0][0xe6][0x99][0x82][0xe7][0x84][0xa1][0xe5][0x91][0xbc][0xe5][0x90][0xb8][0xe7][0x97][0x87][0xe5][0x80][0x99][0xe7][0xbe][0xa4]","language":"JPN","contentViewMemberships":[]"
 << "[\r][\n]"
 << "2a0[\r][\n]"
 << "},{"classType":"Atom","ui":"A26431059","suppressible":"false","obsolet"
 << "e":"false","rootSource":"MDRJPN","termType":"LLT","code":"https://uts-ws.nlm.nih.gov/rest/content/2017AA/source/MDRJPN/10029983","concept":"https://uts-ws.nlm.nih.gov/rest/content/2017AA/CUI/C0520679","sourceConcept":"NONE","sourceDescriptor":"https://uts-ws.nlm.nih.gov/rest/content/2017AA/source/MDRJPN/10040979","attributes":"NONE","parents":"NONE","ancestors":null,"children":"NONE","descendants":null,"relations":"https://uts-ws.nlm.nih.gov/rest/content/2017AA/AUI/A26431059/relations","definitions":"NONE","name":"[0xe9][0x96][0x89][0xe5][0xa1][0x9e][0xe6][0x80][0xa7][0xe7][0x9d][0xa1][0xe7][0x9c][0xa0][0xe6][0x99][0x82][0xe7][0x84][0xa1][0xe5][0x91][0xbc][0xe5][0x90][0xb8][0xe7][0x97][0x87][0xe5][0x80][0x99][0xe7][0xbe][0xa4]","language":"JPN","contentViewMemberships":[]"
 << "[\r][\n]"
 << "2ca[\r][\n]"
 << "},{"classType":"Atom","ui":"A26400912","suppressible":"false","obsolete":"false","rootSource":"MDRJPN","termType":"LLTJKN","code":"https://uts-ws.nlm.nih.gov/rest/content/2017AA/source/MDRJPN/10029983","concept":"https://uts-ws.nlm.nih.gov/rest/content/2017AA/CUI/C0520679","sourceConcept":"NONE","sourceDescriptor":"https://uts-ws.nlm.nih.gov/rest/content/2017AA/source/MDRJPN/10040979","attributes":"NONE","parents":"NONE","ancestors":null,"children":"NONE","descendants":null,"relations":"https://uts-ws.nlm.nih.gov/rest/content/2017AA/AUI/A26400912/relations","definitions":"NONE","name":"[0xef][0xbe][0x8d][0xef][0xbd][0xb2][0xef][0xbd][0xbf][0xef][0xbd][0xb8][0xef][0xbd][0xbe][0xef][0xbd][0xb2][0xef][0xbd][0xbd][0xef][0xbd][0xb2][0xef][0xbe][0x90][0xef][0xbe][0x9d][0xef][0xbd][0xbc][0xef][0xbe][0x9e][0xef][0xbe][0x91][0xef][0xbd][0xba][0xef][0xbd][0xb7][0xef][0xbd][0xad][0xef][0xbd][0xb3][0xef][0xbd][0xbc][0xef][0xbd][0xae][0xef][0xbd][0xb3][0xef][0xbd][0xba][0xef][0xbd][0xb3][0xef][0xbd][0xb8][0xef][0xbe][0x9e][0xef][0xbe][0x9d]","language":"JPN","contentViewMemberships":[]"
 << "[\r][\n]"
 << "2[\r][\n]"
 << "}]"
 << "[\r][\n]"
 << "1[\r][\n]"
 << "}"
 << "[\r][\n]"
 << "0[\r][\n]"
 << "[\r][\n]"
Releasing connection org.apache.http.impl.conn.ManagedClientConnectionImpl@30b6f109
Connection can be kept alive indefinitely
Evaluating path: $['pageCount']
Evaluating path: $['result']
org.eclipse.jetty.server.HttpConnection$SendCallback@1cfe7cd8[PROCESSING][i=ResponseInfo{HTTP/1.1 200 OK,-1,false},cb=org.eclipse.jetty.server.HttpChannel$CommitCallback@3ef08c7] generate: NEED_HEADER (null,[p=0,l=1210,c=32768,r=1210],false)@START
org.eclipse.jetty.server.HttpConnection$SendCallback@1cfe7cd8[PROCESSING][i=ResponseInfo{HTTP/1.1 200 OK,-1,false},cb=org.eclipse.jetty.server.HttpChannel$CommitCallback@3ef08c7] generate: FLUSH ([p=0,l=154,c=8192,r=154],[p=0,l=1210,c=32768,r=1210],false)@COMMITTED
write: WriteFlusher@190849ef{IDLE} [HeapByteBuffer@6890032d[p=0,l=154,c=8192,r=154]={<<<HTTP/1.1 200 OK\r\n...51106)\r\n\r\n4BA\r\n>>>nnection: keep-al...\x00\x00\x00\x00\x00\x00\x00\x00\x00\x00\x00\x00\x00\x00\x00},HeapByteBuffer@5c1934c7[p=0,l=1210,c=32768,r=1210]={<<<{"candidateList":...e sleep apnea"}>>>\x00\x00\x00\x00\x00\x00\x00\x00\x00\x00\x00\x00\x00\x00\x00\x00\x00...\x00\x00\x00\x00\x00\x00\x00\x00\x00\x00\x00\x00\x00\x00\x00}]
update WriteFlusher@190849ef{WRITING}:IDLE-->WRITING
flushed 1364 SelectChannelEndPoint@49f5c36a{/127.0.0.1:54560<->9998,Open,in,out,-,W,2924/30000,HttpConnection}{io=0,kio=0,kro=1}
update WriteFlusher@190849ef{IDLE}:WRITING-->IDLE
org.eclipse.jetty.server.HttpConnection$SendCallback@1cfe7cd8[PROCESSING][i=ResponseInfo{HTTP/1.1 200 OK,-1,false},cb=org.eclipse.jetty.server.HttpChannel$CommitCallback@3ef08c7] generate: DONE ([p=154,l=154,c=8192,r=0],[p=1210,l=1210,c=32768,r=0],false)@COMMITTED
org.eclipse.jetty.server.HttpConnection$SendCallback@1cfe7cd8[PROCESSING][i=null,cb=Blocker@7963bd35{null}] generate: CONTINUE (null,[p=0,l=0,c=0,r=0],true)@COMPLETING
org.eclipse.jetty.server.HttpConnection$SendCallback@1cfe7cd8[PROCESSING][i=null,cb=Blocker@7963bd35{null}] generate: NEED_CHUNK (null,[p=0,l=0,c=0,r=0],true)@COMPLETING
org.eclipse.jetty.server.HttpConnection$SendCallback@1cfe7cd8[PROCESSING][i=null,cb=Blocker@7963bd35{null}] generate: FLUSH (null,[p=0,l=0,c=0,r=0],true)@COMPLETING
write: WriteFlusher@190849ef{IDLE} [HeapByteBuffer@5d6a4e54[p=0,l=7,c=1024,r=7]={<<<\r\n0\r\n\r\n>>>\x00\x00\x00\x00\x00\x00\x00\x00\x00\x00\x00\x00\x00\x00\x00\x00\x00...\x00\x00\x00\x00\x00\x00\x00\x00\x00\x00\x00\x00\x00\x00\x00}]
update WriteFlusher@190849ef{WRITING}:IDLE-->WRITING
flushed 7 SelectChannelEndPoint@49f5c36a{/127.0.0.1:54560<->9998,Open,in,out,-,W,1/30000,HttpConnection}{io=0,kio=0,kro=1}
update WriteFlusher@190849ef{IDLE}:WRITING-->IDLE
org.eclipse.jetty.server.HttpConnection$SendCallback@1cfe7cd8[PROCESSING][i=null,cb=Blocker@7963bd35{null}] generate: DONE (null,[p=0,l=0,c=0,r=0],true)@END
RESPONSE /annoService/query  200 handled=true
HttpChannelState@8c8c951{s=DISPATCHED i=true a=null} unhandle DISPATCHED
reset HttpParser{s=END,0 of 0}
END --> START
HttpChannelOverHttp@4dca5e8c{r=1,c=false,a=IDLE,uri=} handle exit, result COMPLETE
filled 0 SelectChannelEndPoint@49f5c36a{/127.0.0.1:54560<->9998,Open,in,out,-,-,1/30000,HttpConnection}{io=0,kio=0,kro=1}
filled 0 SelectChannelEndPoint@49f5c36a{/127.0.0.1:54560<->9998,Open,in,out,-,-,1/30000,HttpConnection}{io=0,kio=0,kro=1}
parseNext s=START HeapByteBuffer@6890032d[p=0,l=0,c=8192,r=0]={<<<>>>HTTP/1.1 200 OK\r\n...\x00\x00\x00\x00\x00\x00\x00\x00\x00\x00\x00\x00\x00\x00\x00}
fillInterested HttpConnection@5e839061[FILLING,SelectChannelEndPoint@49f5c36a{/127.0.0.1:54560<->9998,Open,in,out,-,-,2/30000,HttpConnection}{io=0,kio=0,kro=1}][p=HttpParser{s=START,0 of -1},g=HttpGenerator{s=START},c=HttpChannelOverHttp@4dca5e8c{r=1,c=false,a=IDLE,uri=}]
FILLING-->FILLING_FILL_INTERESTED HttpConnection@5e839061[FILLING_FILL_INTERESTED,SelectChannelEndPoint@49f5c36a{/127.0.0.1:54560<->9998,Open,in,out,-,-,3/30000,HttpConnection}{io=0,kio=0,kro=1}][p=HttpParser{s=START,0 of -1},g=HttpGenerator{s=START},c=HttpChannelOverHttp@4dca5e8c{r=1,c=false,a=IDLE,uri=}]
FILLING_FILL_INTERESTED-->FILL_INTERESTED HttpConnection@5e839061[FILL_INTERESTED,SelectChannelEndPoint@49f5c36a{/127.0.0.1:54560<->9998,Open,in,out,-,-,3/30000,HttpConnection}{io=0,kio=0,kro=1}][p=HttpParser{s=START,0 of -1},g=HttpGenerator{s=START},c=HttpChannelOverHttp@4dca5e8c{r=1,c=false,a=IDLE,uri=}]
Local interests updating 0 -> 1 for SelectChannelEndPoint@49f5c36a{/127.0.0.1:54560<->9998,Open,in,out,R,-,0/30000,HttpConnection}{io=1,kio=0,kro=1}
Queued change org.eclipse.jetty.io.SelectChannelEndPoint$1@390ae648
Selector loop woken up from select, 0/1 selected
Running change org.eclipse.jetty.io.SelectChannelEndPoint$1@390ae648
Key interests updated 0 -> 1 on SelectChannelEndPoint@49f5c36a{/127.0.0.1:54560<->9998,Open,in,out,R,-,1/30000,HttpConnection}{io=1,kio=1,kro=1}
Selector loop waiting on select
Selector loop woken up from select, 1/1 selected
Key interests updated 1 -> 0 on SelectChannelEndPoint@49f5c36a{/127.0.0.1:54560<->9998,Open,in,out,R,-,3562/30000,HttpConnection}{io=1,kio=0,kro=1}
Local interests updating 1 -> 0 for SelectChannelEndPoint@49f5c36a{/127.0.0.1:54560<->9998,Open,in,out,R,-,3562/30000,HttpConnection}{io=0,kio=0,kro=1}
Queued change org.eclipse.jetty.io.SelectChannelEndPoint$1@390ae648
FILL_INTERESTED-->FILLING HttpConnection@5e839061[FILLING,SelectChannelEndPoint@49f5c36a{/127.0.0.1:54560<->9998,Open,in,out,-,-,3562/30000,HttpConnection}{io=0,kio=0,kro=1}][p=HttpParser{s=START,0 of -1},g=HttpGenerator{s=START},c=HttpChannelOverHttp@4dca5e8c{r=1,c=false,a=IDLE,uri=}]
Running change org.eclipse.jetty.io.SelectChannelEndPoint$1@390ae648
Selector loop waiting on select
HttpConnection@5e839061[FILLING,SelectChannelEndPoint@49f5c36a{/127.0.0.1:54560<->9998,Open,in,out,-,-,3563/30000,HttpConnection}{io=0,kio=0,kro=1}][p=HttpParser{s=START,0 of -1},g=HttpGenerator{s=START},c=HttpChannelOverHttp@4dca5e8c{r=1,c=false,a=IDLE,uri=}] onFillable HttpChannelState@8c8c951{s=IDLE i=true a=null}
filled 505 SelectChannelEndPoint@49f5c36a{/127.0.0.1:54560<->9998,Open,in,out,-,-,3568/30000,HttpConnection}{io=0,kio=0,kro=1}
parseNext s=START HeapByteBuffer@6f0a3ebf[p=0,l=505,c=8192,r=505]={<<<GET /annoService/...zh-TW;q=0.6\r\n\r\n>>>\x00\x00\x00\x00\x00\x00\x00\x00\x00\x00\x00\x00\x00\x00\x00\x00\x00...\x00\x00\x00\x00\x00\x00\x00\x00\x00\x00\x00\x00\x00\x00\x00}
START --> SPACE1
SPACE1 --> URI
URI --> SPACE2
SPACE2 --> REQUEST_VERSION
REQUEST_VERSION --> HEADER
HEADER --> HEADER_IN_VALUE
HEADER_IN_VALUE --> HEADER
HEADER --> HEADER_IN_VALUE
HEADER_IN_VALUE --> HEADER
HEADER --> HEADER_IN_VALUE
HEADER_IN_VALUE --> HEADER
HEADER --> HEADER_IN_VALUE
HEADER_IN_VALUE --> HEADER
HEADER --> HEADER_IN_NAME
HEADER_IN_NAME --> HEADER_VALUE
HEADER_VALUE --> HEADER_IN_VALUE
HEADER_IN_VALUE --> HEADER
HEADER --> HEADER_IN_VALUE
HEADER_IN_VALUE --> HEADER
HEADER --> HEADER_IN_VALUE
HEADER_IN_VALUE --> HEADER
HEADER --> HEADER_IN_VALUE
HEADER_IN_VALUE --> HEADER
HEADER --> END
HttpChannelOverHttp@4dca5e8c{r=2,c=false,a=IDLE,uri=/annoService/query?text=A%20few%20people%20have%20the%20obstructive%20sleep%20apnea&semGroup=Chemicals+%26+Drugs%2CDisorders&language=JPN} messageComplete
HttpInputOverHTTP@32463f18 EOF
HttpChannelOverHttp@4dca5e8c{r=2,c=false,a=IDLE,uri=/annoService/query?text=A%20few%20people%20have%20the%20obstructive%20sleep%20apnea&semGroup=Chemicals+%26+Drugs%2CDisorders&language=JPN} handle enter
HttpChannelState@8c8c951{s=IDLE i=true a=null} handling IDLE
HttpChannelOverHttp@4dca5e8c{r=2,c=false,a=DISPATCHED,uri=/annoService/query?text=A%20few%20people%20have%20the%20obstructive%20sleep%20apnea&semGroup=Chemicals+%26+Drugs%2CDisorders&language=JPN} action REQUEST_DISPATCH
REQUEST GET /annoService/query on HttpChannelOverHttp@4dca5e8c{r=2,c=false,a=DISPATCHED,uri=/annoService/query?text=A%20few%20people%20have%20the%20obstructive%20sleep%20apnea&semGroup=Chemicals+%26+Drugs%2CDisorders&language=JPN}
Detected type system at [file:/C:/Users/Administrator/workspace/BioMedAnalysis_REST/bin/desc/BMBasicTypeLite.xml]
DataBinder requires binding of required fields [language,semGroup]
org.eclipse.jetty.server.HttpConnection$SendCallback@1cfe7cd8[PROCESSING][i=ResponseInfo{HTTP/1.1 200 OK,-1,false},cb=org.eclipse.jetty.server.HttpChannel$CommitCallback@11f3a13a] generate: NEED_HEADER (null,[p=0,l=1210,c=32768,r=1210],false)@START
org.eclipse.jetty.server.HttpConnection$SendCallback@1cfe7cd8[PROCESSING][i=ResponseInfo{HTTP/1.1 200 OK,-1,false},cb=org.eclipse.jetty.server.HttpChannel$CommitCallback@11f3a13a] generate: FLUSH ([p=0,l=154,c=8192,r=154],[p=0,l=1210,c=32768,r=1210],false)@COMMITTED
write: WriteFlusher@190849ef{IDLE} [HeapByteBuffer@6890032d[p=0,l=154,c=8192,r=154]={<<<HTTP/1.1 200 OK\r\n...51106)\r\n\r\n4BA\r\n>>>nnection: keep-al...\x00\x00\x00\x00\x00\x00\x00\x00\x00\x00\x00\x00\x00\x00\x00},HeapByteBuffer@5c1934c7[p=0,l=1210,c=32768,r=1210]={<<<{"candidateList":...e sleep apnea"}>>>\x00\x00\x00\x00\x00\x00\x00\x00\x00\x00\x00\x00\x00\x00\x00\x00\x00...\x00\x00\x00\x00\x00\x00\x00\x00\x00\x00\x00\x00\x00\x00\x00}]
update WriteFlusher@190849ef{WRITING}:IDLE-->WRITING
flushed 1364 SelectChannelEndPoint@49f5c36a{/127.0.0.1:54560<->9998,Open,in,out,-,W,107/30000,HttpConnection}{io=0,kio=0,kro=1}
update WriteFlusher@190849ef{IDLE}:WRITING-->IDLE
org.eclipse.jetty.server.HttpConnection$SendCallback@1cfe7cd8[PROCESSING][i=ResponseInfo{HTTP/1.1 200 OK,-1,false},cb=org.eclipse.jetty.server.HttpChannel$CommitCallback@11f3a13a] generate: DONE ([p=154,l=154,c=8192,r=0],[p=1210,l=1210,c=32768,r=0],false)@COMMITTED
org.eclipse.jetty.server.HttpConnection$SendCallback@1cfe7cd8[PROCESSING][i=null,cb=Blocker@7963bd35{null}] generate: CONTINUE (null,[p=0,l=0,c=0,r=0],true)@COMPLETING
org.eclipse.jetty.server.HttpConnection$SendCallback@1cfe7cd8[PROCESSING][i=null,cb=Blocker@7963bd35{null}] generate: NEED_CHUNK (null,[p=0,l=0,c=0,r=0],true)@COMPLETING
org.eclipse.jetty.server.HttpConnection$SendCallback@1cfe7cd8[PROCESSING][i=null,cb=Blocker@7963bd35{null}] generate: FLUSH (null,[p=0,l=0,c=0,r=0],true)@COMPLETING
write: WriteFlusher@190849ef{IDLE} [HeapByteBuffer@5d6a4e54[p=0,l=7,c=1024,r=7]={<<<\r\n0\r\n\r\n>>>\x00\x00\x00\x00\x00\x00\x00\x00\x00\x00\x00\x00\x00\x00\x00\x00\x00...\x00\x00\x00\x00\x00\x00\x00\x00\x00\x00\x00\x00\x00\x00\x00}]
update WriteFlusher@190849ef{WRITING}:IDLE-->WRITING
flushed 7 SelectChannelEndPoint@49f5c36a{/127.0.0.1:54560<->9998,Open,in,out,-,W,1/30000,HttpConnection}{io=0,kio=0,kro=1}
update WriteFlusher@190849ef{IDLE}:WRITING-->IDLE
org.eclipse.jetty.server.HttpConnection$SendCallback@1cfe7cd8[PROCESSING][i=null,cb=Blocker@7963bd35{null}] generate: DONE (null,[p=0,l=0,c=0,r=0],true)@END
RESPONSE /annoService/query  200 handled=true
HttpChannelState@8c8c951{s=DISPATCHED i=true a=null} unhandle DISPATCHED
reset HttpParser{s=END,0 of -1}
END --> START
HttpChannelOverHttp@4dca5e8c{r=2,c=false,a=IDLE,uri=} handle exit, result COMPLETE
filled 0 SelectChannelEndPoint@49f5c36a{/127.0.0.1:54560<->9998,Open,in,out,-,-,1/30000,HttpConnection}{io=0,kio=0,kro=1}
filled 0 SelectChannelEndPoint@49f5c36a{/127.0.0.1:54560<->9998,Open,in,out,-,-,1/30000,HttpConnection}{io=0,kio=0,kro=1}
parseNext s=START HeapByteBuffer@6890032d[p=0,l=0,c=8192,r=0]={<<<>>>HTTP/1.1 200 OK\r\n...\x00\x00\x00\x00\x00\x00\x00\x00\x00\x00\x00\x00\x00\x00\x00}
fillInterested HttpConnection@5e839061[FILLING,SelectChannelEndPoint@49f5c36a{/127.0.0.1:54560<->9998,Open,in,out,-,-,1/30000,HttpConnection}{io=0,kio=0,kro=1}][p=HttpParser{s=START,0 of -1},g=HttpGenerator{s=START},c=HttpChannelOverHttp@4dca5e8c{r=2,c=false,a=IDLE,uri=}]
FILLING-->FILLING_FILL_INTERESTED HttpConnection@5e839061[FILLING_FILL_INTERESTED,SelectChannelEndPoint@49f5c36a{/127.0.0.1:54560<->9998,Open,in,out,-,-,2/30000,HttpConnection}{io=0,kio=0,kro=1}][p=HttpParser{s=START,0 of -1},g=HttpGenerator{s=START},c=HttpChannelOverHttp@4dca5e8c{r=2,c=false,a=IDLE,uri=}]
FILLING_FILL_INTERESTED-->FILL_INTERESTED HttpConnection@5e839061[FILL_INTERESTED,SelectChannelEndPoint@49f5c36a{/127.0.0.1:54560<->9998,Open,in,out,-,-,2/30000,HttpConnection}{io=0,kio=0,kro=1}][p=HttpParser{s=START,0 of -1},g=HttpGenerator{s=START},c=HttpChannelOverHttp@4dca5e8c{r=2,c=false,a=IDLE,uri=}]
Local interests updating 0 -> 1 for SelectChannelEndPoint@49f5c36a{/127.0.0.1:54560<->9998,Open,in,out,R,-,0/30000,HttpConnection}{io=1,kio=0,kro=1}
Queued change org.eclipse.jetty.io.SelectChannelEndPoint$1@390ae648
Selector loop woken up from select, 0/1 selected
Running change org.eclipse.jetty.io.SelectChannelEndPoint$1@390ae648
Key interests updated 0 -> 1 on SelectChannelEndPoint@49f5c36a{/127.0.0.1:54560<->9998,Open,in,out,R,-,0/30000,HttpConnection}{io=1,kio=1,kro=1}
Selector loop waiting on select
SelectChannelEndPoint@49f5c36a{/127.0.0.1:54560<->9998,Open,in,out,R,-,23390/30000,HttpConnection}{io=1,kio=1,kro=1} idle timeout check, elapsed: 23390 ms, remaining: 6610 ms
